Started GET "/" for ::1 at 2020-03-02 23:58:33 -0800

PG::ConnectionBad - FATAL:  database "Spotify_development" does not exist
:

Started POST "/__better_errors/b4bc58b5a70ab49a/variables" for ::1 at 2020-03-02 23:58:33 -0800
  [1m[35m (1.8ms)[0m  [1m[35mDROP DATABASE IF EXISTS "Spotify_development"[0m
  ↳ bin/rails:9
  [1m[35m (0.1ms)[0m  [1m[35mDROP DATABASE IF EXISTS "Spotify_test"[0m
  ↳ bin/rails:9
  [1m[35m (233.9ms)[0m  [1m[35mCREATE DATABASE "Spotify_development" ENCODING = 'unicode'[0m
  ↳ bin/rails:9
  [1m[35m (90.8ms)[0m  [1m[35mCREATE DATABASE "Spotify_test" ENCODING = 'unicode'[0m
  ↳ bin/rails:9
  [1m[35mSQL (2.5ms)[0m  [1m[35mCREATE EXTENSION IF NOT EXISTS "plpgsql"[0m
  ↳ db/schema.rb:16
  [1m[35m (0.4ms)[0m  [1m[35mDROP TABLE IF EXISTS "albums" CASCADE[0m
  ↳ db/schema.rb:18
  [1m[35m (19.7ms)[0m  [1m[35mCREATE TABLE "albums" ("id" bigserial primary key, "artist_id" integer NOT NULL, "title" character varying NOT NULL, "created_at" timestamp NOT NULL, "updated_at" timestamp NOT NULL)[0m
  ↳ db/schema.rb:18
  [1m[35m (0.5ms)[0m  [1m[35mDROP TABLE IF EXISTS "artists" CASCADE[0m
  ↳ db/schema.rb:25
  [1m[35m (8.6ms)[0m  [1m[35mCREATE TABLE "artists" ("id" bigserial primary key, "name" character varying NOT NULL, "created_at" timestamp NOT NULL, "updated_at" timestamp NOT NULL)[0m
  ↳ db/schema.rb:25
  [1m[35m (3.3ms)[0m  [1m[35mCREATE UNIQUE INDEX  "index_artists_on_name" ON "artists"  ("name")[0m
  ↳ db/schema.rb:25
  [1m[35m (0.2ms)[0m  [1m[35mDROP TABLE IF EXISTS "playlist_songs" CASCADE[0m
  ↳ db/schema.rb:32
  [1m[35m (4.7ms)[0m  [1m[35mCREATE TABLE "playlist_songs" ("id" bigserial primary key, "playlist_id" integer NOT NULL, "song_id" integer NOT NULL, "created_at" timestamp NOT NULL, "updated_at" timestamp NOT NULL)[0m
  ↳ db/schema.rb:32
  [1m[35m (2.9ms)[0m  [1m[35mCREATE  INDEX  "index_playlist_songs_on_playlist_id" ON "playlist_songs"  ("playlist_id")[0m
  ↳ db/schema.rb:32
  [1m[35m (2.5ms)[0m  [1m[35mCREATE  INDEX  "index_playlist_songs_on_song_id" ON "playlist_songs"  ("song_id")[0m
  ↳ db/schema.rb:32
  [1m[35m (0.2ms)[0m  [1m[35mDROP TABLE IF EXISTS "playlists" CASCADE[0m
  ↳ db/schema.rb:41
  [1m[35m (7.0ms)[0m  [1m[35mCREATE TABLE "playlists" ("id" bigserial primary key, "user_id" integer NOT NULL, "title" character varying NOT NULL, "description" text, "created_at" timestamp NOT NULL, "updated_at" timestamp NOT NULL)[0m
  ↳ db/schema.rb:41
  [1m[35m (2.0ms)[0m  [1m[35mCREATE  INDEX  "index_playlists_on_user_id" ON "playlists"  ("user_id")[0m
  ↳ db/schema.rb:41
  [1m[35m (1.1ms)[0m  [1m[35mDROP TABLE IF EXISTS "songs" CASCADE[0m
  ↳ db/schema.rb:50
  [1m[35m (6.1ms)[0m  [1m[35mCREATE TABLE "songs" ("id" bigserial primary key, "album_id" integer NOT NULL, "song_url" character varying NOT NULL, "created_at" timestamp NOT NULL, "updated_at" timestamp NOT NULL)[0m
  ↳ db/schema.rb:50
  [1m[35m (2.7ms)[0m  [1m[35mCREATE UNIQUE INDEX  "index_songs_on_album_id" ON "songs"  ("album_id")[0m
  ↳ db/schema.rb:50
  [1m[35m (0.2ms)[0m  [1m[35mDROP TABLE IF EXISTS "users" CASCADE[0m
  ↳ db/schema.rb:58
  [1m[35m (6.9ms)[0m  [1m[35mCREATE TABLE "users" ("id" bigserial primary key, "username" character varying NOT NULL, "email" character varying NOT NULL, "password_digest" character varying NOT NULL, "session_token" character varying NOT NULL, "created_at" timestamp NOT NULL, "updated_at" timestamp NOT NULL)[0m
  ↳ db/schema.rb:58
  [1m[35m (2.6ms)[0m  [1m[35mCREATE UNIQUE INDEX  "index_users_on_email" ON "users"  ("email")[0m
  ↳ db/schema.rb:58
  [1m[35m (2.1ms)[0m  [1m[35mCREATE UNIQUE INDEX  "index_users_on_session_token" ON "users"  ("session_token")[0m
  ↳ db/schema.rb:58
  [1m[35m (2.2ms)[0m  [1m[35mCREATE UNIQUE INDEX  "index_users_on_username" ON "users"  ("username")[0m
  ↳ db/schema.rb:58
  [1m[35m (4.4ms)[0m  [1m[35mCREATE TABLE "schema_migrations" ("version" character varying NOT NULL PRIMARY KEY)[0m
  ↳ db/schema.rb:13
  [1m[35m (1.2ms)[0m  [1m[34mSELECT "schema_migrations"."version" FROM "schema_migrations" ORDER BY "schema_migrations"."version" ASC[0m
  ↳ db/schema.rb:13
  [1m[35m (1.4ms)[0m  [1m[32mINSERT INTO "schema_migrations" (version) VALUES (20191219174215)[0m
  ↳ db/schema.rb:13
  [1m[35m (0.7ms)[0m  [1m[32mINSERT INTO "schema_migrations" (version) VALUES
(20191216180730),
(20191216181126),
(20191216181600),
(20191216181610),
(20191216181131);

[0m
  ↳ db/schema.rb:13
  [1m[35m (4.5ms)[0m  [1m[35mCREATE TABLE "ar_internal_metadata" ("key" character varying NOT NULL PRIMARY KEY, "value" character varying, "created_at" timestamp NOT NULL, "updated_at" timestamp NOT NULL)[0m
  ↳ db/schema.rb:13
  [1m[36mActiveRecord::InternalMetadata Load (0.4ms)[0m  [1m[34mSELECT  "ar_internal_metadata".* FROM "ar_internal_metadata" WHERE "ar_internal_metadata"."key" = $1 LIMIT $2[0m  [["key", "environment"], ["LIMIT", 1]]
  ↳ db/schema.rb:13
  [1m[35m (0.2ms)[0m  [1m[35mBEGIN[0m
  ↳ db/schema.rb:13
  [1m[36mActiveRecord::InternalMetadata Create (1.6ms)[0m  [1m[32mINSERT INTO "ar_internal_metadata" ("key", "value", "created_at", "updated_at") VALUES ($1, $2, $3, $4) RETURNING "key"[0m  [["key", "environment"], ["value", "development"], ["created_at", "2020-03-03 07:59:58.484542"], ["updated_at", "2020-03-03 07:59:58.484542"]]
  ↳ db/schema.rb:13
  [1m[35m (1.0ms)[0m  [1m[35mCOMMIT[0m
  ↳ db/schema.rb:13
  [1m[36mActiveRecord::InternalMetadata Load (0.5ms)[0m  [1m[34mSELECT  "ar_internal_metadata".* FROM "ar_internal_metadata" WHERE "ar_internal_metadata"."key" = $1 LIMIT $2[0m  [["key", "environment"], ["LIMIT", 1]]
  ↳ bin/rails:9
  [1m[35m (0.3ms)[0m  [1m[35mBEGIN[0m
  ↳ bin/rails:9
  [1m[35m (0.2ms)[0m  [1m[35mCOMMIT[0m
  ↳ bin/rails:9
  [1m[35mSQL (0.6ms)[0m  [1m[35mCREATE EXTENSION IF NOT EXISTS "plpgsql"[0m
  ↳ db/schema.rb:16
  [1m[35m (0.3ms)[0m  [1m[35mDROP TABLE IF EXISTS "albums" CASCADE[0m
  ↳ db/schema.rb:18
  [1m[35m (14.9ms)[0m  [1m[35mCREATE TABLE "albums" ("id" bigserial primary key, "artist_id" integer NOT NULL, "title" character varying NOT NULL, "created_at" timestamp NOT NULL, "updated_at" timestamp NOT NULL)[0m
  ↳ db/schema.rb:18
  [1m[35m (0.5ms)[0m  [1m[35mDROP TABLE IF EXISTS "artists" CASCADE[0m
  ↳ db/schema.rb:25
  [1m[35m (8.9ms)[0m  [1m[35mCREATE TABLE "artists" ("id" bigserial primary key, "name" character varying NOT NULL, "created_at" timestamp NOT NULL, "updated_at" timestamp NOT NULL)[0m
  ↳ db/schema.rb:25
  [1m[35m (2.5ms)[0m  [1m[35mCREATE UNIQUE INDEX  "index_artists_on_name" ON "artists"  ("name")[0m
  ↳ db/schema.rb:25
  [1m[35m (0.3ms)[0m  [1m[35mDROP TABLE IF EXISTS "playlist_songs" CASCADE[0m
  ↳ db/schema.rb:32
  [1m[35m (5.3ms)[0m  [1m[35mCREATE TABLE "playlist_songs" ("id" bigserial primary key, "playlist_id" integer NOT NULL, "song_id" integer NOT NULL, "created_at" timestamp NOT NULL, "updated_at" timestamp NOT NULL)[0m
  ↳ db/schema.rb:32
  [1m[35m (3.1ms)[0m  [1m[35mCREATE  INDEX  "index_playlist_songs_on_playlist_id" ON "playlist_songs"  ("playlist_id")[0m
  ↳ db/schema.rb:32
  [1m[35m (2.7ms)[0m  [1m[35mCREATE  INDEX  "index_playlist_songs_on_song_id" ON "playlist_songs"  ("song_id")[0m
  ↳ db/schema.rb:32
  [1m[35m (0.4ms)[0m  [1m[35mDROP TABLE IF EXISTS "playlists" CASCADE[0m
  ↳ db/schema.rb:41
  [1m[35m (8.2ms)[0m  [1m[35mCREATE TABLE "playlists" ("id" bigserial primary key, "user_id" integer NOT NULL, "title" character varying NOT NULL, "description" text, "created_at" timestamp NOT NULL, "updated_at" timestamp NOT NULL)[0m
  ↳ db/schema.rb:41
  [1m[35m (2.7ms)[0m  [1m[35mCREATE  INDEX  "index_playlists_on_user_id" ON "playlists"  ("user_id")[0m
  ↳ db/schema.rb:41
  [1m[35m (0.3ms)[0m  [1m[35mDROP TABLE IF EXISTS "songs" CASCADE[0m
  ↳ db/schema.rb:50
  [1m[35m (8.3ms)[0m  [1m[35mCREATE TABLE "songs" ("id" bigserial primary key, "album_id" integer NOT NULL, "song_url" character varying NOT NULL, "created_at" timestamp NOT NULL, "updated_at" timestamp NOT NULL)[0m
  ↳ db/schema.rb:50
  [1m[35m (3.3ms)[0m  [1m[35mCREATE UNIQUE INDEX  "index_songs_on_album_id" ON "songs"  ("album_id")[0m
  ↳ db/schema.rb:50
  [1m[35m (0.3ms)[0m  [1m[35mDROP TABLE IF EXISTS "users" CASCADE[0m
  ↳ db/schema.rb:58
  [1m[35m (9.3ms)[0m  [1m[35mCREATE TABLE "users" ("id" bigserial primary key, "username" character varying NOT NULL, "email" character varying NOT NULL, "password_digest" character varying NOT NULL, "session_token" character varying NOT NULL, "created_at" timestamp NOT NULL, "updated_at" timestamp NOT NULL)[0m
  ↳ db/schema.rb:58
  [1m[35m (2.9ms)[0m  [1m[35mCREATE UNIQUE INDEX  "index_users_on_email" ON "users"  ("email")[0m
  ↳ db/schema.rb:58
  [1m[35m (2.7ms)[0m  [1m[35mCREATE UNIQUE INDEX  "index_users_on_session_token" ON "users"  ("session_token")[0m
  ↳ db/schema.rb:58
  [1m[35m (2.7ms)[0m  [1m[35mCREATE UNIQUE INDEX  "index_users_on_username" ON "users"  ("username")[0m
  ↳ db/schema.rb:58
  [1m[35m (5.9ms)[0m  [1m[35mCREATE TABLE "schema_migrations" ("version" character varying NOT NULL PRIMARY KEY)[0m
  ↳ db/schema.rb:13
  [1m[35m (1.3ms)[0m  [1m[34mSELECT "schema_migrations"."version" FROM "schema_migrations" ORDER BY "schema_migrations"."version" ASC[0m
  ↳ db/schema.rb:13
  [1m[35m (1.7ms)[0m  [1m[32mINSERT INTO "schema_migrations" (version) VALUES (20191219174215)[0m
  ↳ db/schema.rb:13
  [1m[35m (1.5ms)[0m  [1m[32mINSERT INTO "schema_migrations" (version) VALUES
(20191216180730),
(20191216181126),
(20191216181600),
(20191216181610),
(20191216181131);

[0m
  ↳ db/schema.rb:13
  [1m[35m (6.8ms)[0m  [1m[35mCREATE TABLE "ar_internal_metadata" ("key" character varying NOT NULL PRIMARY KEY, "value" character varying, "created_at" timestamp NOT NULL, "updated_at" timestamp NOT NULL)[0m
  ↳ db/schema.rb:13
  [1m[36mActiveRecord::InternalMetadata Load (0.6ms)[0m  [1m[34mSELECT  "ar_internal_metadata".* FROM "ar_internal_metadata" WHERE "ar_internal_metadata"."key" = $1 LIMIT $2[0m  [["key", "environment"], ["LIMIT", 1]]
  ↳ db/schema.rb:13
  [1m[35m (0.2ms)[0m  [1m[35mBEGIN[0m
  ↳ db/schema.rb:13
  [1m[36mActiveRecord::InternalMetadata Create (0.7ms)[0m  [1m[32mINSERT INTO "ar_internal_metadata" ("key", "value", "created_at", "updated_at") VALUES ($1, $2, $3, $4) RETURNING "key"[0m  [["key", "environment"], ["value", "development"], ["created_at", "2020-03-03 07:59:58.714387"], ["updated_at", "2020-03-03 07:59:58.714387"]]
  ↳ db/schema.rb:13
  [1m[35m (1.0ms)[0m  [1m[35mCOMMIT[0m
  ↳ db/schema.rb:13
  [1m[36mActiveRecord::InternalMetadata Load (0.4ms)[0m  [1m[34mSELECT  "ar_internal_metadata".* FROM "ar_internal_metadata" WHERE "ar_internal_metadata"."key" = $1 LIMIT $2[0m  [["key", "environment"], ["LIMIT", 1]]
  ↳ bin/rails:9
  [1m[35m (0.1ms)[0m  [1m[35mBEGIN[0m
  ↳ bin/rails:9
  [1m[36mActiveRecord::InternalMetadata Update (0.8ms)[0m  [1m[33mUPDATE "ar_internal_metadata" SET "value" = $1, "updated_at" = $2 WHERE "ar_internal_metadata"."key" = $3[0m  [["value", "test"], ["updated_at", "2020-03-03 07:59:58.722218"], ["key", "environment"]]
  ↳ bin/rails:9
  [1m[35m (0.5ms)[0m  [1m[35mCOMMIT[0m
  ↳ bin/rails:9
  [1m[35m (1.7ms)[0m  [1m[34mSELECT "schema_migrations"."version" FROM "schema_migrations" ORDER BY "schema_migrations"."version" ASC[0m
  ↳ bin/rails:9
Started GET "/" for ::1 at 2020-03-03 00:00:11 -0800
  [1m[35m (1.2ms)[0m  [1m[34mSELECT "schema_migrations"."version" FROM "schema_migrations" ORDER BY "schema_migrations"."version" ASC[0m
  ↳ /Users/alex/.rbenv/versions/2.5.1/lib/ruby/gems/2.5.0/gems/activerecord-5.2.4.1/lib/active_record/log_subscriber.rb:98
Processing by RootController#root as HTML
  Rendering root/root.html.erb within layouts/application
  Rendered root/root.html.erb within layouts/application (2.5ms)
Completed 200 OK in 3136ms (Views: 3126.1ms | ActiveRecord: 0.0ms)


Started GET "/" for ::1 at 2020-03-03 00:02:28 -0800
  [1m[35m (1.0ms)[0m  [1m[34mSELECT "schema_migrations"."version" FROM "schema_migrations" ORDER BY "schema_migrations"."version" ASC[0m
  ↳ /Users/alex/.rbenv/versions/2.5.1/lib/ruby/gems/2.5.0/gems/activerecord-5.2.4.1/lib/active_record/log_subscriber.rb:98
Processing by RootController#root as HTML
  Rendering root/root.html.erb within layouts/application
  Rendered root/root.html.erb within layouts/application (0.9ms)
Completed 200 OK in 1042ms (Views: 1035.6ms | ActiveRecord: 0.0ms)


Started GET "/" for ::1 at 2020-03-03 00:04:21 -0800
Processing by RootController#root as HTML
  Rendering root/root.html.erb within layouts/application
  Rendered root/root.html.erb within layouts/application (0.3ms)
Completed 200 OK in 419ms (Views: 415.6ms | ActiveRecord: 0.0ms)


Started GET "/" for ::1 at 2020-03-03 00:06:18 -0800
Processing by RootController#root as HTML
  Rendering root/root.html.erb within layouts/application
  Rendered root/root.html.erb within layouts/application (0.4ms)
Completed 200 OK in 407ms (Views: 404.8ms | ActiveRecord: 0.0ms)


Started GET "/" for ::1 at 2020-03-03 00:14:27 -0800
Processing by RootController#root as HTML
  Rendering root/root.html.erb within layouts/application
  Rendered root/root.html.erb within layouts/application (0.5ms)
Completed 200 OK in 386ms (Views: 383.5ms | ActiveRecord: 0.0ms)


Started GET "/" for ::1 at 2020-03-03 00:18:16 -0800
Processing by RootController#root as HTML
  Rendering root/root.html.erb within layouts/application
  Rendered root/root.html.erb within layouts/application (0.4ms)
Completed 200 OK in 456ms (Views: 453.6ms | ActiveRecord: 0.0ms)


Started GET "/" for ::1 at 2020-03-03 00:27:13 -0800
Processing by RootController#root as HTML
  Rendering root/root.html.erb within layouts/application
  Rendered root/root.html.erb within layouts/application (0.3ms)
Completed 200 OK in 442ms (Views: 439.2ms | ActiveRecord: 0.0ms)


Started GET "/" for ::1 at 2020-03-03 00:32:07 -0800
Processing by RootController#root as HTML
  Rendering root/root.html.erb within layouts/application
  Rendered root/root.html.erb within layouts/application (0.3ms)
Completed 200 OK in 407ms (Views: 404.8ms | ActiveRecord: 0.0ms)


Started GET "/" for ::1 at 2020-03-03 00:32:30 -0800
Processing by RootController#root as HTML
  Rendering root/root.html.erb within layouts/application
  Rendered root/root.html.erb within layouts/application (0.5ms)
Completed 200 OK in 462ms (Views: 459.6ms | ActiveRecord: 0.0ms)


Started GET "/" for ::1 at 2020-03-03 00:34:16 -0800
Processing by RootController#root as HTML
  Rendering root/root.html.erb within layouts/application
  Rendered root/root.html.erb within layouts/application (0.6ms)
Completed 200 OK in 381ms (Views: 379.1ms | ActiveRecord: 0.0ms)


Started GET "/" for ::1 at 2020-03-03 00:34:32 -0800
Processing by RootController#root as HTML
  Rendering root/root.html.erb within layouts/application
  Rendered root/root.html.erb within layouts/application (0.5ms)
Completed 200 OK in 425ms (Views: 422.3ms | ActiveRecord: 0.0ms)


Started GET "/" for ::1 at 2020-03-03 00:34:58 -0800
Processing by RootController#root as HTML
  Rendering root/root.html.erb within layouts/application
  Rendered root/root.html.erb within layouts/application (0.8ms)
Completed 200 OK in 396ms (Views: 392.9ms | ActiveRecord: 0.0ms)


Started GET "/" for ::1 at 2020-03-03 00:36:00 -0800
Processing by RootController#root as HTML
  Rendering root/root.html.erb within layouts/application
  Rendered root/root.html.erb within layouts/application (0.4ms)
Completed 200 OK in 402ms (Views: 399.8ms | ActiveRecord: 0.0ms)


Started GET "/" for ::1 at 2020-03-03 00:37:32 -0800
Processing by RootController#root as HTML
  Rendering root/root.html.erb within layouts/application
  Rendered root/root.html.erb within layouts/application (0.3ms)
Completed 200 OK in 454ms (Views: 451.3ms | ActiveRecord: 0.0ms)


Started GET "/" for ::1 at 2020-03-03 00:38:20 -0800
Processing by RootController#root as HTML
  Rendering root/root.html.erb within layouts/application
  Rendered root/root.html.erb within layouts/application (0.3ms)
Completed 200 OK in 52ms (Views: 46.5ms | ActiveRecord: 0.0ms)


Started GET "/" for ::1 at 2020-03-03 00:38:23 -0800
Processing by RootController#root as HTML
  Rendering root/root.html.erb within layouts/application
  Rendered root/root.html.erb within layouts/application (0.5ms)
Completed 200 OK in 28ms (Views: 25.6ms | ActiveRecord: 0.0ms)


Started GET "/" for ::1 at 2020-03-03 10:32:03 -0800
Processing by RootController#root as HTML
  Rendering root/root.html.erb within layouts/application
  Rendered root/root.html.erb within layouts/application (3.6ms)
Completed 200 OK in 87ms (Views: 76.8ms | ActiveRecord: 0.0ms)


Started GET "/" for ::1 at 2020-03-03 10:32:11 -0800
Processing by RootController#root as HTML
  Rendering root/root.html.erb within layouts/application
  Rendered root/root.html.erb within layouts/application (0.5ms)
Completed 200 OK in 73ms (Views: 69.0ms | ActiveRecord: 0.0ms)


Started GET "/" for ::1 at 2020-03-03 10:32:14 -0800
Processing by RootController#root as HTML
  Rendering root/root.html.erb within layouts/application
  Rendered root/root.html.erb within layouts/application (0.4ms)
Completed 200 OK in 43ms (Views: 40.6ms | ActiveRecord: 0.0ms)


Started POST "/api/users" for ::1 at 2020-03-03 10:35:46 -0800
Processing by Api::UsersController#create as JSON
  Parameters: {"user"=>{"username"=>"alex", "email"=>"alex@alex.com", "password"=>"[FILTERED]"}}
  [1m[35m (0.2ms)[0m  [1m[35mBEGIN[0m
  ↳ app/controllers/api/users_controller.rb:4
  [1m[36mUser Exists (5.6ms)[0m  [1m[34mSELECT  1 AS one FROM "users" WHERE "users"."username" = $1 LIMIT $2[0m  [["username", "alex"], ["LIMIT", 1]]
  ↳ app/controllers/api/users_controller.rb:4
  [1m[36mUser Create (9.7ms)[0m  [1m[32mINSERT INTO "users" ("username", "email", "password_digest", "session_token", "created_at", "updated_at") VALUES ($1, $2, $3, $4, $5, $6) RETURNING "id"[0m  [["username", "alex"], ["email", "alex@alex.com"], ["password_digest", "$2a$12$CXcmcikqpI5EtljWi3Rp.OVPZVGvbMUW6eHJ6USQb9ax0cAwTmUKW"], ["session_token", "pOTh1-Vckod0xckup1qgdg"], ["created_at", "2020-03-03 18:35:46.819373"], ["updated_at", "2020-03-03 18:35:46.819373"]]
  ↳ app/controllers/api/users_controller.rb:4
  [1m[35m (1.7ms)[0m  [1m[35mCOMMIT[0m
  ↳ app/controllers/api/users_controller.rb:4
  Rendering api/users/show.json.jbuilder
  Rendered api/users/show.json.jbuilder (0.5ms)
Completed 200 OK in 342ms (Views: 10.1ms | ActiveRecord: 48.0ms)


Started GET "/" for ::1 at 2020-03-03 13:26:19 -0800
  [1m[35m (0.9ms)[0m  [1m[34mSELECT "schema_migrations"."version" FROM "schema_migrations" ORDER BY "schema_migrations"."version" ASC[0m
  ↳ /Users/alex/.rbenv/versions/2.5.1/lib/ruby/gems/2.5.0/gems/activerecord-5.2.4.1/lib/active_record/log_subscriber.rb:98
Processing by RootController#root as HTML
  Rendering root/root.html.erb within layouts/application
  Rendered root/root.html.erb within layouts/application (1.6ms)
Completed 200 OK in 1607ms (Views: 1593.3ms | ActiveRecord: 0.0ms)


Started GET "/" for ::1 at 2020-03-03 13:33:08 -0800
Processing by RootController#root as HTML
  Rendering root/root.html.erb within layouts/application
  Rendered root/root.html.erb within layouts/application (0.4ms)
Completed 200 OK in 403ms (Views: 400.6ms | ActiveRecord: 0.0ms)


Started GET "/" for ::1 at 2020-03-03 13:33:30 -0800
Processing by RootController#root as HTML
  Rendering root/root.html.erb within layouts/application
  Rendered root/root.html.erb within layouts/application (0.4ms)
Completed 200 OK in 417ms (Views: 414.6ms | ActiveRecord: 0.0ms)


Started GET "/" for ::1 at 2020-03-03 13:34:10 -0800
Processing by RootController#root as HTML
  Rendering root/root.html.erb within layouts/application
  Rendered root/root.html.erb within layouts/application (0.5ms)
Completed 200 OK in 397ms (Views: 394.2ms | ActiveRecord: 0.0ms)


Started POST "/api/session" for ::1 at 2020-03-03 13:34:20 -0800
Processing by Api::SessionsController#create as JSON
  Parameters: {"user"=>{"username"=>"alex", "password"=>"[FILTERED]"}}
  [1m[36mUser Load (0.8ms)[0m  [1m[34mSELECT  "users".* FROM "users" WHERE "users"."username" = $1 LIMIT $2[0m  [["username", "alex"], ["LIMIT", 1]]
  ↳ app/models/user.rb:17
  Rendering api/users/show.json.jbuilder
  Rendered api/users/show.json.jbuilder (0.8ms)
Completed 200 OK in 286ms (Views: 7.1ms | ActiveRecord: 10.7ms)


Started GET "/" for ::1 at 2020-03-03 13:34:39 -0800
Processing by RootController#root as HTML
  Rendering root/root.html.erb within layouts/application
  Rendered root/root.html.erb within layouts/application (0.3ms)
  [1m[36mUser Load (1.3ms)[0m  [1m[34mSELECT  "users".* FROM "users" WHERE "users"."session_token" = $1 LIMIT $2[0m  [["session_token", "pOTh1-Vckod0xckup1qgdg"], ["LIMIT", 1]]
  ↳ app/controllers/application_controller.rb:16
Completed 200 OK in 427ms (Views: 418.4ms | ActiveRecord: 1.3ms)


Started GET "/" for ::1 at 2020-03-03 13:36:43 -0800
Processing by RootController#root as HTML
  Rendering root/root.html.erb within layouts/application
  Rendered root/root.html.erb within layouts/application (0.3ms)
  [1m[36mUser Load (0.4ms)[0m  [1m[34mSELECT  "users".* FROM "users" WHERE "users"."session_token" = $1 LIMIT $2[0m  [["session_token", "pOTh1-Vckod0xckup1qgdg"], ["LIMIT", 1]]
  ↳ app/controllers/application_controller.rb:16
Completed 200 OK in 438ms (Views: 434.4ms | ActiveRecord: 0.4ms)


Started GET "/" for ::1 at 2020-03-03 13:37:50 -0800
Processing by RootController#root as HTML
  Rendering root/root.html.erb within layouts/application
  Rendered root/root.html.erb within layouts/application (0.4ms)
  [1m[36mUser Load (0.5ms)[0m  [1m[34mSELECT  "users".* FROM "users" WHERE "users"."session_token" = $1 LIMIT $2[0m  [["session_token", "pOTh1-Vckod0xckup1qgdg"], ["LIMIT", 1]]
  ↳ app/controllers/application_controller.rb:16
Completed 200 OK in 401ms (Views: 397.6ms | ActiveRecord: 0.5ms)


Started GET "/" for ::1 at 2020-03-03 13:38:22 -0800
Processing by RootController#root as HTML
  Rendering root/root.html.erb within layouts/application
  Rendered root/root.html.erb within layouts/application (0.3ms)
  [1m[36mUser Load (0.5ms)[0m  [1m[34mSELECT  "users".* FROM "users" WHERE "users"."session_token" = $1 LIMIT $2[0m  [["session_token", "pOTh1-Vckod0xckup1qgdg"], ["LIMIT", 1]]
  ↳ app/controllers/application_controller.rb:16
Completed 200 OK in 489ms (Views: 485.4ms | ActiveRecord: 0.5ms)


Started GET "/" for ::1 at 2020-03-03 13:38:31 -0800
Processing by RootController#root as HTML
  Rendering root/root.html.erb within layouts/application
  Rendered root/root.html.erb within layouts/application (0.5ms)
  [1m[36mUser Load (0.5ms)[0m  [1m[34mSELECT  "users".* FROM "users" WHERE "users"."session_token" = $1 LIMIT $2[0m  [["session_token", "pOTh1-Vckod0xckup1qgdg"], ["LIMIT", 1]]
  ↳ app/controllers/application_controller.rb:16
Completed 200 OK in 26ms (Views: 23.3ms | ActiveRecord: 0.5ms)


Started GET "/" for ::1 at 2020-03-03 13:38:41 -0800
Processing by RootController#root as HTML
  Rendering root/root.html.erb within layouts/application
  Rendered root/root.html.erb within layouts/application (0.3ms)
  [1m[36mUser Load (0.5ms)[0m  [1m[34mSELECT  "users".* FROM "users" WHERE "users"."session_token" = $1 LIMIT $2[0m  [["session_token", "pOTh1-Vckod0xckup1qgdg"], ["LIMIT", 1]]
  ↳ app/controllers/application_controller.rb:16
Completed 200 OK in 398ms (Views: 395.6ms | ActiveRecord: 0.5ms)


Started GET "/" for ::1 at 2020-03-03 13:38:47 -0800
Processing by RootController#root as HTML
  Rendering root/root.html.erb within layouts/application
  Rendered root/root.html.erb within layouts/application (0.4ms)
  [1m[36mUser Load (0.4ms)[0m  [1m[34mSELECT  "users".* FROM "users" WHERE "users"."session_token" = $1 LIMIT $2[0m  [["session_token", "pOTh1-Vckod0xckup1qgdg"], ["LIMIT", 1]]
  ↳ app/controllers/application_controller.rb:16
Completed 200 OK in 37ms (Views: 32.7ms | ActiveRecord: 0.4ms)


Started GET "/" for ::1 at 2020-03-03 13:38:51 -0800
Processing by RootController#root as HTML
  Rendering root/root.html.erb within layouts/application
  Rendered root/root.html.erb within layouts/application (0.4ms)
  [1m[36mUser Load (0.3ms)[0m  [1m[34mSELECT  "users".* FROM "users" WHERE "users"."session_token" = $1 LIMIT $2[0m  [["session_token", "pOTh1-Vckod0xckup1qgdg"], ["LIMIT", 1]]
  ↳ app/controllers/application_controller.rb:16
Completed 200 OK in 25ms (Views: 23.0ms | ActiveRecord: 0.3ms)


Started GET "/" for ::1 at 2020-03-03 13:39:05 -0800
Processing by RootController#root as HTML
  Rendering root/root.html.erb within layouts/application
  Rendered root/root.html.erb within layouts/application (0.3ms)
  [1m[36mUser Load (0.3ms)[0m  [1m[34mSELECT  "users".* FROM "users" WHERE "users"."session_token" = $1 LIMIT $2[0m  [["session_token", "pOTh1-Vckod0xckup1qgdg"], ["LIMIT", 1]]
  ↳ app/controllers/application_controller.rb:16
Completed 200 OK in 31ms (Views: 28.7ms | ActiveRecord: 0.3ms)


Started GET "/" for ::1 at 2020-03-03 13:39:29 -0800
Processing by RootController#root as HTML
  Rendering root/root.html.erb within layouts/application
  Rendered root/root.html.erb within layouts/application (0.3ms)
  [1m[36mUser Load (0.4ms)[0m  [1m[34mSELECT  "users".* FROM "users" WHERE "users"."session_token" = $1 LIMIT $2[0m  [["session_token", "pOTh1-Vckod0xckup1qgdg"], ["LIMIT", 1]]
  ↳ app/controllers/application_controller.rb:16
Completed 200 OK in 402ms (Views: 399.5ms | ActiveRecord: 0.4ms)


Started GET "/" for ::1 at 2020-03-03 13:39:39 -0800
Processing by RootController#root as HTML
  Rendering root/root.html.erb within layouts/application
  Rendered root/root.html.erb within layouts/application (0.4ms)
  [1m[36mUser Load (0.3ms)[0m  [1m[34mSELECT  "users".* FROM "users" WHERE "users"."session_token" = $1 LIMIT $2[0m  [["session_token", "pOTh1-Vckod0xckup1qgdg"], ["LIMIT", 1]]
  ↳ app/controllers/application_controller.rb:16
Completed 200 OK in 33ms (Views: 30.5ms | ActiveRecord: 0.3ms)


Started GET "/" for ::1 at 2020-03-03 13:39:56 -0800
Processing by RootController#root as HTML
  Rendering root/root.html.erb within layouts/application
  Rendered root/root.html.erb within layouts/application (0.3ms)
  [1m[36mUser Load (0.3ms)[0m  [1m[34mSELECT  "users".* FROM "users" WHERE "users"."session_token" = $1 LIMIT $2[0m  [["session_token", "pOTh1-Vckod0xckup1qgdg"], ["LIMIT", 1]]
  ↳ app/controllers/application_controller.rb:16
Completed 200 OK in 401ms (Views: 398.1ms | ActiveRecord: 0.3ms)


Started GET "/" for ::1 at 2020-03-03 13:40:26 -0800
Processing by RootController#root as HTML
  Rendering root/root.html.erb within layouts/application
  Rendered root/root.html.erb within layouts/application (0.3ms)
  [1m[36mUser Load (0.3ms)[0m  [1m[34mSELECT  "users".* FROM "users" WHERE "users"."session_token" = $1 LIMIT $2[0m  [["session_token", "pOTh1-Vckod0xckup1qgdg"], ["LIMIT", 1]]
  ↳ app/controllers/application_controller.rb:16
Completed 200 OK in 36ms (Views: 33.3ms | ActiveRecord: 0.3ms)


Started GET "/" for ::1 at 2020-03-03 13:40:41 -0800
Processing by RootController#root as HTML
  Rendering root/root.html.erb within layouts/application
  Rendered root/root.html.erb within layouts/application (0.3ms)
  [1m[36mUser Load (0.4ms)[0m  [1m[34mSELECT  "users".* FROM "users" WHERE "users"."session_token" = $1 LIMIT $2[0m  [["session_token", "pOTh1-Vckod0xckup1qgdg"], ["LIMIT", 1]]
  ↳ app/controllers/application_controller.rb:16
Completed 200 OK in 405ms (Views: 401.4ms | ActiveRecord: 0.4ms)


Started GET "/" for ::1 at 2020-03-03 13:40:44 -0800
Processing by RootController#root as HTML
  Rendering root/root.html.erb within layouts/application
  Rendered root/root.html.erb within layouts/application (0.7ms)
  [1m[36mUser Load (0.5ms)[0m  [1m[34mSELECT  "users".* FROM "users" WHERE "users"."session_token" = $1 LIMIT $2[0m  [["session_token", "pOTh1-Vckod0xckup1qgdg"], ["LIMIT", 1]]
  ↳ app/controllers/application_controller.rb:16
Completed 200 OK in 51ms (Views: 48.0ms | ActiveRecord: 0.5ms)


Started GET "/" for ::1 at 2020-03-03 13:40:45 -0800
Processing by RootController#root as HTML
  Rendering root/root.html.erb within layouts/application
  Rendered root/root.html.erb within layouts/application (0.3ms)
  [1m[36mUser Load (0.4ms)[0m  [1m[34mSELECT  "users".* FROM "users" WHERE "users"."session_token" = $1 LIMIT $2[0m  [["session_token", "pOTh1-Vckod0xckup1qgdg"], ["LIMIT", 1]]
  ↳ app/controllers/application_controller.rb:16
Completed 200 OK in 46ms (Views: 43.0ms | ActiveRecord: 0.4ms)


Started GET "/" for ::1 at 2020-03-03 13:40:45 -0800
Processing by RootController#root as HTML
  Rendering root/root.html.erb within layouts/application
  Rendered root/root.html.erb within layouts/application (0.7ms)
  [1m[36mUser Load (0.3ms)[0m  [1m[34mSELECT  "users".* FROM "users" WHERE "users"."session_token" = $1 LIMIT $2[0m  [["session_token", "pOTh1-Vckod0xckup1qgdg"], ["LIMIT", 1]]
  ↳ app/controllers/application_controller.rb:16
Completed 200 OK in 54ms (Views: 50.0ms | ActiveRecord: 0.3ms)


Started GET "/" for ::1 at 2020-03-03 13:40:47 -0800
Processing by RootController#root as HTML
  Rendering root/root.html.erb within layouts/application
  Rendered root/root.html.erb within layouts/application (0.4ms)
  [1m[36mUser Load (1.6ms)[0m  [1m[34mSELECT  "users".* FROM "users" WHERE "users"."session_token" = $1 LIMIT $2[0m  [["session_token", "pOTh1-Vckod0xckup1qgdg"], ["LIMIT", 1]]
  ↳ app/controllers/application_controller.rb:16
Completed 200 OK in 62ms (Views: 55.8ms | ActiveRecord: 1.6ms)


Started GET "/" for ::1 at 2020-03-03 13:40:48 -0800
Processing by RootController#root as HTML
  Rendering root/root.html.erb within layouts/application
  Rendered root/root.html.erb within layouts/application (0.3ms)
  [1m[36mUser Load (0.3ms)[0m  [1m[34mSELECT  "users".* FROM "users" WHERE "users"."session_token" = $1 LIMIT $2[0m  [["session_token", "pOTh1-Vckod0xckup1qgdg"], ["LIMIT", 1]]
  ↳ app/controllers/application_controller.rb:16
Completed 200 OK in 40ms (Views: 37.3ms | ActiveRecord: 0.3ms)


Started GET "/" for ::1 at 2020-03-03 13:41:47 -0800
Processing by RootController#root as HTML
  Rendering root/root.html.erb within layouts/application
  Rendered root/root.html.erb within layouts/application (0.4ms)
  [1m[36mUser Load (0.3ms)[0m  [1m[34mSELECT  "users".* FROM "users" WHERE "users"."session_token" = $1 LIMIT $2[0m  [["session_token", "pOTh1-Vckod0xckup1qgdg"], ["LIMIT", 1]]
  ↳ app/controllers/application_controller.rb:16
Completed 200 OK in 37ms (Views: 34.4ms | ActiveRecord: 0.3ms)


Started GET "/" for ::1 at 2020-03-03 13:42:06 -0800
Processing by RootController#root as HTML
  Rendering root/root.html.erb within layouts/application
  Rendered root/root.html.erb within layouts/application (0.6ms)
  [1m[36mUser Load (0.3ms)[0m  [1m[34mSELECT  "users".* FROM "users" WHERE "users"."session_token" = $1 LIMIT $2[0m  [["session_token", "pOTh1-Vckod0xckup1qgdg"], ["LIMIT", 1]]
  ↳ app/controllers/application_controller.rb:16
Completed 200 OK in 443ms (Views: 439.9ms | ActiveRecord: 0.3ms)


Started GET "/" for ::1 at 2020-03-03 13:42:20 -0800
Processing by RootController#root as HTML
  Rendering root/root.html.erb within layouts/application
  Rendered root/root.html.erb within layouts/application (0.3ms)
  [1m[36mUser Load (0.4ms)[0m  [1m[34mSELECT  "users".* FROM "users" WHERE "users"."session_token" = $1 LIMIT $2[0m  [["session_token", "pOTh1-Vckod0xckup1qgdg"], ["LIMIT", 1]]
  ↳ app/controllers/application_controller.rb:16
Completed 200 OK in 431ms (Views: 427.9ms | ActiveRecord: 0.4ms)


Started GET "/" for ::1 at 2020-03-03 13:44:34 -0800
Processing by RootController#root as HTML
  Rendering root/root.html.erb within layouts/application
  Rendered root/root.html.erb within layouts/application (0.4ms)
  [1m[36mUser Load (0.3ms)[0m  [1m[34mSELECT  "users".* FROM "users" WHERE "users"."session_token" = $1 LIMIT $2[0m  [["session_token", "pOTh1-Vckod0xckup1qgdg"], ["LIMIT", 1]]
  ↳ app/controllers/application_controller.rb:16
Completed 200 OK in 398ms (Views: 394.5ms | ActiveRecord: 0.3ms)


Started GET "/" for ::1 at 2020-03-03 13:49:50 -0800
Processing by RootController#root as HTML
  Rendering root/root.html.erb within layouts/application
  Rendered root/root.html.erb within layouts/application (0.3ms)
  [1m[36mUser Load (0.4ms)[0m  [1m[34mSELECT  "users".* FROM "users" WHERE "users"."session_token" = $1 LIMIT $2[0m  [["session_token", "pOTh1-Vckod0xckup1qgdg"], ["LIMIT", 1]]
  ↳ app/controllers/application_controller.rb:16
Completed 200 OK in 404ms (Views: 401.4ms | ActiveRecord: 0.4ms)


Started GET "/" for ::1 at 2020-03-03 13:50:07 -0800
Processing by RootController#root as HTML
  Rendering root/root.html.erb within layouts/application
  Rendered root/root.html.erb within layouts/application (0.3ms)
  [1m[36mUser Load (0.4ms)[0m  [1m[34mSELECT  "users".* FROM "users" WHERE "users"."session_token" = $1 LIMIT $2[0m  [["session_token", "pOTh1-Vckod0xckup1qgdg"], ["LIMIT", 1]]
  ↳ app/controllers/application_controller.rb:16
Completed 200 OK in 429ms (Views: 426.1ms | ActiveRecord: 0.4ms)


Started GET "/" for ::1 at 2020-03-03 13:51:09 -0800
Processing by RootController#root as HTML
  Rendering root/root.html.erb within layouts/application
  Rendered root/root.html.erb within layouts/application (0.3ms)
  [1m[36mUser Load (0.7ms)[0m  [1m[34mSELECT  "users".* FROM "users" WHERE "users"."session_token" = $1 LIMIT $2[0m  [["session_token", "pOTh1-Vckod0xckup1qgdg"], ["LIMIT", 1]]
  ↳ app/controllers/application_controller.rb:16
Completed 200 OK in 406ms (Views: 402.7ms | ActiveRecord: 0.7ms)


Started GET "/" for ::1 at 2020-03-03 13:52:28 -0800
Processing by RootController#root as HTML
  Rendering root/root.html.erb within layouts/application
  Rendered root/root.html.erb within layouts/application (0.4ms)
  [1m[36mUser Load (0.3ms)[0m  [1m[34mSELECT  "users".* FROM "users" WHERE "users"."session_token" = $1 LIMIT $2[0m  [["session_token", "pOTh1-Vckod0xckup1qgdg"], ["LIMIT", 1]]
  ↳ app/controllers/application_controller.rb:16
Completed 200 OK in 27ms (Views: 24.6ms | ActiveRecord: 0.3ms)


Started GET "/" for ::1 at 2020-03-03 13:52:45 -0800
Processing by RootController#root as HTML
  Rendering root/root.html.erb within layouts/application
  Rendered root/root.html.erb within layouts/application (0.3ms)
  [1m[36mUser Load (0.4ms)[0m  [1m[34mSELECT  "users".* FROM "users" WHERE "users"."session_token" = $1 LIMIT $2[0m  [["session_token", "pOTh1-Vckod0xckup1qgdg"], ["LIMIT", 1]]
  ↳ app/controllers/application_controller.rb:16
Completed 200 OK in 421ms (Views: 419.1ms | ActiveRecord: 0.4ms)


Started GET "/" for ::1 at 2020-03-03 13:53:27 -0800
Processing by RootController#root as HTML
  Rendering root/root.html.erb within layouts/application
  Rendered root/root.html.erb within layouts/application (0.3ms)
  [1m[36mUser Load (0.4ms)[0m  [1m[34mSELECT  "users".* FROM "users" WHERE "users"."session_token" = $1 LIMIT $2[0m  [["session_token", "pOTh1-Vckod0xckup1qgdg"], ["LIMIT", 1]]
  ↳ app/controllers/application_controller.rb:16
Completed 200 OK in 413ms (Views: 410.1ms | ActiveRecord: 0.4ms)


Started GET "/" for ::1 at 2020-03-03 13:56:08 -0800
Processing by RootController#root as HTML
  Rendering root/root.html.erb within layouts/application
  Rendered root/root.html.erb within layouts/application (0.3ms)
  [1m[36mUser Load (0.3ms)[0m  [1m[34mSELECT  "users".* FROM "users" WHERE "users"."session_token" = $1 LIMIT $2[0m  [["session_token", "pOTh1-Vckod0xckup1qgdg"], ["LIMIT", 1]]
  ↳ app/controllers/application_controller.rb:16
Completed 200 OK in 37ms (Views: 35.3ms | ActiveRecord: 0.3ms)


Started GET "/" for ::1 at 2020-03-03 13:56:37 -0800
Processing by RootController#root as HTML
  Rendering root/root.html.erb within layouts/application
  Rendered root/root.html.erb within layouts/application (0.5ms)
  [1m[36mUser Load (0.3ms)[0m  [1m[34mSELECT  "users".* FROM "users" WHERE "users"."session_token" = $1 LIMIT $2[0m  [["session_token", "pOTh1-Vckod0xckup1qgdg"], ["LIMIT", 1]]
  ↳ app/controllers/application_controller.rb:16
Completed 200 OK in 51ms (Views: 48.5ms | ActiveRecord: 0.3ms)


Started GET "/" for ::1 at 2020-03-03 13:56:45 -0800
Processing by RootController#root as HTML
  Rendering root/root.html.erb within layouts/application
  Rendered root/root.html.erb within layouts/application (0.3ms)
  [1m[36mUser Load (0.3ms)[0m  [1m[34mSELECT  "users".* FROM "users" WHERE "users"."session_token" = $1 LIMIT $2[0m  [["session_token", "pOTh1-Vckod0xckup1qgdg"], ["LIMIT", 1]]
  ↳ app/controllers/application_controller.rb:16
Completed 200 OK in 32ms (Views: 28.9ms | ActiveRecord: 0.3ms)


Started GET "/" for ::1 at 2020-03-03 13:58:54 -0800
Processing by RootController#root as HTML
  Rendering root/root.html.erb within layouts/application
  Rendered root/root.html.erb within layouts/application (0.3ms)
  [1m[36mUser Load (0.3ms)[0m  [1m[34mSELECT  "users".* FROM "users" WHERE "users"."session_token" = $1 LIMIT $2[0m  [["session_token", "pOTh1-Vckod0xckup1qgdg"], ["LIMIT", 1]]
  ↳ app/controllers/application_controller.rb:16
Completed 200 OK in 418ms (Views: 415.2ms | ActiveRecord: 0.3ms)


Started GET "/" for ::1 at 2020-03-03 13:59:41 -0800
Processing by RootController#root as HTML
  Rendering root/root.html.erb within layouts/application
  Rendered root/root.html.erb within layouts/application (0.3ms)
  [1m[36mUser Load (0.3ms)[0m  [1m[34mSELECT  "users".* FROM "users" WHERE "users"."session_token" = $1 LIMIT $2[0m  [["session_token", "pOTh1-Vckod0xckup1qgdg"], ["LIMIT", 1]]
  ↳ app/controllers/application_controller.rb:16
Completed 200 OK in 408ms (Views: 405.4ms | ActiveRecord: 0.3ms)


Started GET "/" for ::1 at 2020-03-03 14:06:06 -0800
Processing by RootController#root as HTML
  Rendering root/root.html.erb within layouts/application
  Rendered root/root.html.erb within layouts/application (0.4ms)
  [1m[36mUser Load (0.8ms)[0m  [1m[34mSELECT  "users".* FROM "users" WHERE "users"."session_token" = $1 LIMIT $2[0m  [["session_token", "pOTh1-Vckod0xckup1qgdg"], ["LIMIT", 1]]
  ↳ app/controllers/application_controller.rb:16
Completed 200 OK in 415ms (Views: 410.7ms | ActiveRecord: 1.1ms)


Started GET "/" for ::1 at 2020-03-03 14:06:44 -0800
Processing by RootController#root as HTML
  Rendering root/root.html.erb within layouts/application
  Rendered root/root.html.erb within layouts/application (0.3ms)
  [1m[36mUser Load (0.4ms)[0m  [1m[34mSELECT  "users".* FROM "users" WHERE "users"."session_token" = $1 LIMIT $2[0m  [["session_token", "pOTh1-Vckod0xckup1qgdg"], ["LIMIT", 1]]
  ↳ app/controllers/application_controller.rb:16
Completed 200 OK in 405ms (Views: 401.9ms | ActiveRecord: 0.4ms)


Started GET "/" for ::1 at 2020-03-03 14:06:56 -0800
Processing by RootController#root as HTML
  Rendering root/root.html.erb within layouts/application
  Rendered root/root.html.erb within layouts/application (0.3ms)
  [1m[36mUser Load (0.6ms)[0m  [1m[34mSELECT  "users".* FROM "users" WHERE "users"."session_token" = $1 LIMIT $2[0m  [["session_token", "pOTh1-Vckod0xckup1qgdg"], ["LIMIT", 1]]
  ↳ app/controllers/application_controller.rb:16
Completed 200 OK in 403ms (Views: 400.3ms | ActiveRecord: 0.6ms)


Started GET "/" for ::1 at 2020-03-03 14:07:21 -0800
Processing by RootController#root as HTML
  Rendering root/root.html.erb within layouts/application
  Rendered root/root.html.erb within layouts/application (0.4ms)
  [1m[36mUser Load (0.5ms)[0m  [1m[34mSELECT  "users".* FROM "users" WHERE "users"."session_token" = $1 LIMIT $2[0m  [["session_token", "pOTh1-Vckod0xckup1qgdg"], ["LIMIT", 1]]
  ↳ app/controllers/application_controller.rb:16
Completed 200 OK in 39ms (Views: 35.5ms | ActiveRecord: 0.5ms)


Started GET "/" for ::1 at 2020-03-03 14:08:49 -0800
Processing by RootController#root as HTML
  Rendering root/root.html.erb within layouts/application
  Rendered root/root.html.erb within layouts/application (0.6ms)
  [1m[36mUser Load (0.4ms)[0m  [1m[34mSELECT  "users".* FROM "users" WHERE "users"."session_token" = $1 LIMIT $2[0m  [["session_token", "pOTh1-Vckod0xckup1qgdg"], ["LIMIT", 1]]
  ↳ app/controllers/application_controller.rb:16
Completed 200 OK in 687ms (Views: 684.9ms | ActiveRecord: 0.4ms)


Started GET "/" for ::1 at 2020-03-03 14:09:05 -0800
Processing by RootController#root as HTML
  Rendering root/root.html.erb within layouts/application
  Rendered root/root.html.erb within layouts/application (0.3ms)
  [1m[36mUser Load (0.6ms)[0m  [1m[34mSELECT  "users".* FROM "users" WHERE "users"."session_token" = $1 LIMIT $2[0m  [["session_token", "pOTh1-Vckod0xckup1qgdg"], ["LIMIT", 1]]
  ↳ app/controllers/application_controller.rb:16
Completed 200 OK in 695ms (Views: 692.1ms | ActiveRecord: 0.6ms)


Started GET "/" for ::1 at 2020-03-03 14:10:15 -0800
Processing by RootController#root as HTML
  Rendering root/root.html.erb within layouts/application
  Rendered root/root.html.erb within layouts/application (0.4ms)
  [1m[36mUser Load (0.3ms)[0m  [1m[34mSELECT  "users".* FROM "users" WHERE "users"."session_token" = $1 LIMIT $2[0m  [["session_token", "pOTh1-Vckod0xckup1qgdg"], ["LIMIT", 1]]
  ↳ app/controllers/application_controller.rb:16
Completed 200 OK in 693ms (Views: 690.6ms | ActiveRecord: 0.3ms)


Started GET "/" for ::1 at 2020-03-03 14:10:33 -0800
Processing by RootController#root as HTML
  Rendering root/root.html.erb within layouts/application
  Rendered root/root.html.erb within layouts/application (0.4ms)
  [1m[36mUser Load (0.4ms)[0m  [1m[34mSELECT  "users".* FROM "users" WHERE "users"."session_token" = $1 LIMIT $2[0m  [["session_token", "pOTh1-Vckod0xckup1qgdg"], ["LIMIT", 1]]
  ↳ app/controllers/application_controller.rb:16
Completed 200 OK in 824ms (Views: 820.6ms | ActiveRecord: 0.4ms)


Started GET "/" for ::1 at 2020-03-03 14:11:38 -0800
Processing by RootController#root as HTML
  Rendering root/root.html.erb within layouts/application
  Rendered root/root.html.erb within layouts/application (0.3ms)
  [1m[36mUser Load (0.3ms)[0m  [1m[34mSELECT  "users".* FROM "users" WHERE "users"."session_token" = $1 LIMIT $2[0m  [["session_token", "pOTh1-Vckod0xckup1qgdg"], ["LIMIT", 1]]
  ↳ app/controllers/application_controller.rb:16
Completed 200 OK in 754ms (Views: 751.7ms | ActiveRecord: 0.3ms)


Started GET "/" for ::1 at 2020-03-03 14:12:16 -0800
Processing by RootController#root as HTML
  Rendering root/root.html.erb within layouts/application
  Rendered root/root.html.erb within layouts/application (0.3ms)
  [1m[36mUser Load (0.4ms)[0m  [1m[34mSELECT  "users".* FROM "users" WHERE "users"."session_token" = $1 LIMIT $2[0m  [["session_token", "pOTh1-Vckod0xckup1qgdg"], ["LIMIT", 1]]
  ↳ app/controllers/application_controller.rb:16
Completed 200 OK in 685ms (Views: 682.6ms | ActiveRecord: 0.4ms)


Started GET "/" for ::1 at 2020-03-03 14:12:25 -0800
Processing by RootController#root as HTML
  Rendering root/root.html.erb within layouts/application
  Rendered root/root.html.erb within layouts/application (0.4ms)
  [1m[36mUser Load (0.4ms)[0m  [1m[34mSELECT  "users".* FROM "users" WHERE "users"."session_token" = $1 LIMIT $2[0m  [["session_token", "pOTh1-Vckod0xckup1qgdg"], ["LIMIT", 1]]
  ↳ app/controllers/application_controller.rb:16
Completed 200 OK in 727ms (Views: 723.6ms | ActiveRecord: 0.4ms)


Started GET "/" for ::1 at 2020-03-03 14:13:20 -0800
Processing by RootController#root as HTML
  Rendering root/root.html.erb within layouts/application
  Rendered root/root.html.erb within layouts/application (0.4ms)
  [1m[36mUser Load (0.3ms)[0m  [1m[34mSELECT  "users".* FROM "users" WHERE "users"."session_token" = $1 LIMIT $2[0m  [["session_token", "pOTh1-Vckod0xckup1qgdg"], ["LIMIT", 1]]
  ↳ app/controllers/application_controller.rb:16
Completed 200 OK in 725ms (Views: 721.7ms | ActiveRecord: 0.3ms)


Started GET "/" for ::1 at 2020-03-03 14:13:40 -0800
Processing by RootController#root as HTML
  Rendering root/root.html.erb within layouts/application
  Rendered root/root.html.erb within layouts/application (0.4ms)
  [1m[36mUser Load (0.3ms)[0m  [1m[34mSELECT  "users".* FROM "users" WHERE "users"."session_token" = $1 LIMIT $2[0m  [["session_token", "pOTh1-Vckod0xckup1qgdg"], ["LIMIT", 1]]
  ↳ app/controllers/application_controller.rb:16
Completed 200 OK in 682ms (Views: 678.7ms | ActiveRecord: 0.3ms)


Started GET "/" for ::1 at 2020-03-03 14:14:30 -0800
Processing by RootController#root as HTML
  Rendering root/root.html.erb within layouts/application
  Rendered root/root.html.erb within layouts/application (0.3ms)
  [1m[36mUser Load (0.3ms)[0m  [1m[34mSELECT  "users".* FROM "users" WHERE "users"."session_token" = $1 LIMIT $2[0m  [["session_token", "pOTh1-Vckod0xckup1qgdg"], ["LIMIT", 1]]
  ↳ app/controllers/application_controller.rb:16
Completed 200 OK in 808ms (Views: 805.3ms | ActiveRecord: 0.3ms)


Started GET "/" for ::1 at 2020-03-03 14:14:53 -0800
Processing by RootController#root as HTML
  Rendering root/root.html.erb within layouts/application
  Rendered root/root.html.erb within layouts/application (0.4ms)
  [1m[36mUser Load (0.3ms)[0m  [1m[34mSELECT  "users".* FROM "users" WHERE "users"."session_token" = $1 LIMIT $2[0m  [["session_token", "pOTh1-Vckod0xckup1qgdg"], ["LIMIT", 1]]
  ↳ app/controllers/application_controller.rb:16
Completed 200 OK in 780ms (Views: 776.8ms | ActiveRecord: 0.3ms)


Started GET "/" for ::1 at 2020-03-03 14:15:07 -0800
Processing by RootController#root as HTML
  Rendering root/root.html.erb within layouts/application
  Rendered root/root.html.erb within layouts/application (0.4ms)
  [1m[36mUser Load (0.4ms)[0m  [1m[34mSELECT  "users".* FROM "users" WHERE "users"."session_token" = $1 LIMIT $2[0m  [["session_token", "pOTh1-Vckod0xckup1qgdg"], ["LIMIT", 1]]
  ↳ app/controllers/application_controller.rb:16
Completed 200 OK in 727ms (Views: 724.5ms | ActiveRecord: 0.4ms)


Started GET "/" for ::1 at 2020-03-03 14:15:55 -0800
Processing by RootController#root as HTML
  Rendering root/root.html.erb within layouts/application
  Rendered root/root.html.erb within layouts/application (0.3ms)
  [1m[36mUser Load (0.3ms)[0m  [1m[34mSELECT  "users".* FROM "users" WHERE "users"."session_token" = $1 LIMIT $2[0m  [["session_token", "pOTh1-Vckod0xckup1qgdg"], ["LIMIT", 1]]
  ↳ app/controllers/application_controller.rb:16
Completed 200 OK in 44ms (Views: 40.8ms | ActiveRecord: 0.3ms)


Started GET "/" for ::1 at 2020-03-03 14:16:31 -0800
Processing by RootController#root as HTML
  Rendering root/root.html.erb within layouts/application
  Rendered root/root.html.erb within layouts/application (0.5ms)
  [1m[36mUser Load (0.5ms)[0m  [1m[34mSELECT  "users".* FROM "users" WHERE "users"."session_token" = $1 LIMIT $2[0m  [["session_token", "pOTh1-Vckod0xckup1qgdg"], ["LIMIT", 1]]
  ↳ app/controllers/application_controller.rb:16
Completed 200 OK in 743ms (Views: 740.7ms | ActiveRecord: 0.5ms)


Started GET "/" for ::1 at 2020-03-03 14:16:48 -0800
Processing by RootController#root as HTML
  Rendering root/root.html.erb within layouts/application
  Rendered root/root.html.erb within layouts/application (0.3ms)
  [1m[36mUser Load (0.4ms)[0m  [1m[34mSELECT  "users".* FROM "users" WHERE "users"."session_token" = $1 LIMIT $2[0m  [["session_token", "pOTh1-Vckod0xckup1qgdg"], ["LIMIT", 1]]
  ↳ app/controllers/application_controller.rb:16
Completed 200 OK in 789ms (Views: 786.2ms | ActiveRecord: 0.4ms)


Started GET "/" for ::1 at 2020-03-03 14:17:32 -0800
Processing by RootController#root as HTML
  Rendering root/root.html.erb within layouts/application
  Rendered root/root.html.erb within layouts/application (0.4ms)
  [1m[36mUser Load (0.3ms)[0m  [1m[34mSELECT  "users".* FROM "users" WHERE "users"."session_token" = $1 LIMIT $2[0m  [["session_token", "pOTh1-Vckod0xckup1qgdg"], ["LIMIT", 1]]
  ↳ app/controllers/application_controller.rb:16
Completed 200 OK in 760ms (Views: 757.0ms | ActiveRecord: 0.3ms)


Started GET "/" for ::1 at 2020-03-03 14:19:06 -0800
Processing by RootController#root as HTML
  Rendering root/root.html.erb within layouts/application
  Rendered root/root.html.erb within layouts/application (0.4ms)
  [1m[36mUser Load (0.4ms)[0m  [1m[34mSELECT  "users".* FROM "users" WHERE "users"."session_token" = $1 LIMIT $2[0m  [["session_token", "pOTh1-Vckod0xckup1qgdg"], ["LIMIT", 1]]
  ↳ app/controllers/application_controller.rb:16
Completed 200 OK in 700ms (Views: 696.5ms | ActiveRecord: 0.4ms)


Started GET "/" for ::1 at 2020-03-03 14:19:25 -0800
Processing by RootController#root as HTML
  Rendering root/root.html.erb within layouts/application
  Rendered root/root.html.erb within layouts/application (0.4ms)
  [1m[36mUser Load (2.2ms)[0m  [1m[34mSELECT  "users".* FROM "users" WHERE "users"."session_token" = $1 LIMIT $2[0m  [["session_token", "pOTh1-Vckod0xckup1qgdg"], ["LIMIT", 1]]
  ↳ app/controllers/application_controller.rb:16
Completed 200 OK in 958ms (Views: 953.5ms | ActiveRecord: 2.2ms)


Started GET "/" for ::1 at 2020-03-03 14:21:26 -0800
Processing by RootController#root as HTML
  Rendering root/root.html.erb within layouts/application
  Rendered root/root.html.erb within layouts/application (0.3ms)
  [1m[36mUser Load (0.3ms)[0m  [1m[34mSELECT  "users".* FROM "users" WHERE "users"."session_token" = $1 LIMIT $2[0m  [["session_token", "pOTh1-Vckod0xckup1qgdg"], ["LIMIT", 1]]
  ↳ app/controllers/application_controller.rb:16
Completed 200 OK in 686ms (Views: 683.2ms | ActiveRecord: 0.3ms)


Started GET "/" for ::1 at 2020-03-03 14:22:01 -0800
Processing by RootController#root as HTML
  Rendering root/root.html.erb within layouts/application
  Rendered root/root.html.erb within layouts/application (0.4ms)
  [1m[36mUser Load (0.4ms)[0m  [1m[34mSELECT  "users".* FROM "users" WHERE "users"."session_token" = $1 LIMIT $2[0m  [["session_token", "pOTh1-Vckod0xckup1qgdg"], ["LIMIT", 1]]
  ↳ app/controllers/application_controller.rb:16
Completed 200 OK in 757ms (Views: 754.6ms | ActiveRecord: 0.4ms)


Started GET "/" for ::1 at 2020-03-03 14:22:23 -0800
Processing by RootController#root as HTML
  Rendering root/root.html.erb within layouts/application
  Rendered root/root.html.erb within layouts/application (0.3ms)
  [1m[36mUser Load (0.5ms)[0m  [1m[34mSELECT  "users".* FROM "users" WHERE "users"."session_token" = $1 LIMIT $2[0m  [["session_token", "pOTh1-Vckod0xckup1qgdg"], ["LIMIT", 1]]
  ↳ app/controllers/application_controller.rb:16
Completed 200 OK in 704ms (Views: 700.6ms | ActiveRecord: 0.5ms)


Started GET "/" for ::1 at 2020-03-03 14:22:41 -0800
Processing by RootController#root as HTML
  Rendering root/root.html.erb within layouts/application
  Rendered root/root.html.erb within layouts/application (0.5ms)
  [1m[36mUser Load (0.3ms)[0m  [1m[34mSELECT  "users".* FROM "users" WHERE "users"."session_token" = $1 LIMIT $2[0m  [["session_token", "pOTh1-Vckod0xckup1qgdg"], ["LIMIT", 1]]
  ↳ app/controllers/application_controller.rb:16
Completed 200 OK in 694ms (Views: 691.5ms | ActiveRecord: 0.3ms)


Started GET "/" for ::1 at 2020-03-03 14:23:28 -0800
Processing by RootController#root as HTML
  Rendering root/root.html.erb within layouts/application
  Rendered root/root.html.erb within layouts/application (0.4ms)
  [1m[36mUser Load (0.3ms)[0m  [1m[34mSELECT  "users".* FROM "users" WHERE "users"."session_token" = $1 LIMIT $2[0m  [["session_token", "pOTh1-Vckod0xckup1qgdg"], ["LIMIT", 1]]
  ↳ app/controllers/application_controller.rb:16
Completed 200 OK in 742ms (Views: 739.6ms | ActiveRecord: 0.3ms)


Started GET "/" for ::1 at 2020-03-03 14:27:08 -0800
Processing by RootController#root as HTML
  Rendering root/root.html.erb within layouts/application
  Rendered root/root.html.erb within layouts/application (0.5ms)
  [1m[36mUser Load (0.4ms)[0m  [1m[34mSELECT  "users".* FROM "users" WHERE "users"."session_token" = $1 LIMIT $2[0m  [["session_token", "pOTh1-Vckod0xckup1qgdg"], ["LIMIT", 1]]
  ↳ app/controllers/application_controller.rb:16
Completed 200 OK in 801ms (Views: 797.9ms | ActiveRecord: 0.4ms)


Started GET "/" for ::1 at 2020-03-03 14:28:52 -0800
Processing by RootController#root as HTML
  Rendering root/root.html.erb within layouts/application
  Rendered root/root.html.erb within layouts/application (0.3ms)
  [1m[36mUser Load (0.3ms)[0m  [1m[34mSELECT  "users".* FROM "users" WHERE "users"."session_token" = $1 LIMIT $2[0m  [["session_token", "pOTh1-Vckod0xckup1qgdg"], ["LIMIT", 1]]
  ↳ app/controllers/application_controller.rb:16
Completed 200 OK in 691ms (Views: 688.2ms | ActiveRecord: 0.3ms)


Started GET "/" for ::1 at 2020-03-03 14:29:51 -0800
Processing by RootController#root as HTML
  Rendering root/root.html.erb within layouts/application
  Rendered root/root.html.erb within layouts/application (0.3ms)
  [1m[36mUser Load (0.3ms)[0m  [1m[34mSELECT  "users".* FROM "users" WHERE "users"."session_token" = $1 LIMIT $2[0m  [["session_token", "pOTh1-Vckod0xckup1qgdg"], ["LIMIT", 1]]
  ↳ app/controllers/application_controller.rb:16
Completed 200 OK in 1004ms (Views: 1001.9ms | ActiveRecord: 0.3ms)


Started GET "/" for ::1 at 2020-03-03 14:30:18 -0800
Processing by RootController#root as HTML
  Rendering root/root.html.erb within layouts/application
  Rendered root/root.html.erb within layouts/application (0.5ms)
  [1m[36mUser Load (0.3ms)[0m  [1m[34mSELECT  "users".* FROM "users" WHERE "users"."session_token" = $1 LIMIT $2[0m  [["session_token", "pOTh1-Vckod0xckup1qgdg"], ["LIMIT", 1]]
  ↳ app/controllers/application_controller.rb:16
Completed 200 OK in 1012ms (Views: 1008.7ms | ActiveRecord: 0.3ms)


Started GET "/" for ::1 at 2020-03-03 14:30:39 -0800
Processing by RootController#root as HTML
  Rendering root/root.html.erb within layouts/application
  Rendered root/root.html.erb within layouts/application (0.5ms)
  [1m[36mUser Load (0.4ms)[0m  [1m[34mSELECT  "users".* FROM "users" WHERE "users"."session_token" = $1 LIMIT $2[0m  [["session_token", "pOTh1-Vckod0xckup1qgdg"], ["LIMIT", 1]]
  ↳ app/controllers/application_controller.rb:16
Completed 200 OK in 945ms (Views: 941.9ms | ActiveRecord: 0.4ms)


Started GET "/" for ::1 at 2020-03-03 14:31:37 -0800
Processing by RootController#root as HTML
  Rendering root/root.html.erb within layouts/application
  Rendered root/root.html.erb within layouts/application (0.8ms)
  [1m[36mUser Load (0.4ms)[0m  [1m[34mSELECT  "users".* FROM "users" WHERE "users"."session_token" = $1 LIMIT $2[0m  [["session_token", "pOTh1-Vckod0xckup1qgdg"], ["LIMIT", 1]]
  ↳ app/controllers/application_controller.rb:16
Completed 200 OK in 934ms (Views: 931.0ms | ActiveRecord: 0.4ms)


Started GET "/" for ::1 at 2020-03-03 14:32:15 -0800
Processing by RootController#root as HTML
  Rendering root/root.html.erb within layouts/application
  Rendered root/root.html.erb within layouts/application (0.5ms)
  [1m[36mUser Load (0.3ms)[0m  [1m[34mSELECT  "users".* FROM "users" WHERE "users"."session_token" = $1 LIMIT $2[0m  [["session_token", "pOTh1-Vckod0xckup1qgdg"], ["LIMIT", 1]]
  ↳ app/controllers/application_controller.rb:16
Completed 200 OK in 972ms (Views: 969.5ms | ActiveRecord: 0.3ms)


Started GET "/" for ::1 at 2020-03-03 14:32:47 -0800
Processing by RootController#root as HTML
  Rendering root/root.html.erb within layouts/application
  Rendered root/root.html.erb within layouts/application (0.4ms)
  [1m[36mUser Load (0.3ms)[0m  [1m[34mSELECT  "users".* FROM "users" WHERE "users"."session_token" = $1 LIMIT $2[0m  [["session_token", "pOTh1-Vckod0xckup1qgdg"], ["LIMIT", 1]]
  ↳ app/controllers/application_controller.rb:16
Completed 200 OK in 1050ms (Views: 1046.7ms | ActiveRecord: 0.3ms)


Started GET "/" for ::1 at 2020-03-03 14:33:22 -0800
Processing by RootController#root as HTML
  Rendering root/root.html.erb within layouts/application
  Rendered root/root.html.erb within layouts/application (0.7ms)
  [1m[36mUser Load (0.4ms)[0m  [1m[34mSELECT  "users".* FROM "users" WHERE "users"."session_token" = $1 LIMIT $2[0m  [["session_token", "pOTh1-Vckod0xckup1qgdg"], ["LIMIT", 1]]
  ↳ app/controllers/application_controller.rb:16
Completed 200 OK in 988ms (Views: 984.7ms | ActiveRecord: 0.4ms)


Started GET "/" for ::1 at 2020-03-03 14:33:41 -0800
Processing by RootController#root as HTML
  Rendering root/root.html.erb within layouts/application
  Rendered root/root.html.erb within layouts/application (0.4ms)
  [1m[36mUser Load (0.4ms)[0m  [1m[34mSELECT  "users".* FROM "users" WHERE "users"."session_token" = $1 LIMIT $2[0m  [["session_token", "pOTh1-Vckod0xckup1qgdg"], ["LIMIT", 1]]
  ↳ app/controllers/application_controller.rb:16
Completed 200 OK in 964ms (Views: 961.4ms | ActiveRecord: 0.4ms)


Started GET "/" for ::1 at 2020-03-03 14:34:15 -0800
Processing by RootController#root as HTML
  Rendering root/root.html.erb within layouts/application
  Rendered root/root.html.erb within layouts/application (0.3ms)
  [1m[36mUser Load (0.4ms)[0m  [1m[34mSELECT  "users".* FROM "users" WHERE "users"."session_token" = $1 LIMIT $2[0m  [["session_token", "pOTh1-Vckod0xckup1qgdg"], ["LIMIT", 1]]
  ↳ app/controllers/application_controller.rb:16
Completed 200 OK in 980ms (Views: 977.2ms | ActiveRecord: 0.4ms)


Started GET "/" for ::1 at 2020-03-03 14:34:49 -0800
Processing by RootController#root as HTML
  Rendering root/root.html.erb within layouts/application
  Rendered root/root.html.erb within layouts/application (0.6ms)
  [1m[36mUser Load (0.3ms)[0m  [1m[34mSELECT  "users".* FROM "users" WHERE "users"."session_token" = $1 LIMIT $2[0m  [["session_token", "pOTh1-Vckod0xckup1qgdg"], ["LIMIT", 1]]
  ↳ app/controllers/application_controller.rb:16
Completed 200 OK in 974ms (Views: 970.0ms | ActiveRecord: 0.3ms)


Started GET "/" for ::1 at 2020-03-03 14:35:23 -0800
Processing by RootController#root as HTML
  Rendering root/root.html.erb within layouts/application
  Rendered root/root.html.erb within layouts/application (0.4ms)
  [1m[36mUser Load (0.3ms)[0m  [1m[34mSELECT  "users".* FROM "users" WHERE "users"."session_token" = $1 LIMIT $2[0m  [["session_token", "pOTh1-Vckod0xckup1qgdg"], ["LIMIT", 1]]
  ↳ app/controllers/application_controller.rb:16
Completed 200 OK in 1072ms (Views: 1068.8ms | ActiveRecord: 0.3ms)


Started GET "/" for ::1 at 2020-03-03 14:35:53 -0800
Processing by RootController#root as HTML
  Rendering root/root.html.erb within layouts/application
  Rendered root/root.html.erb within layouts/application (0.5ms)
  [1m[36mUser Load (0.5ms)[0m  [1m[34mSELECT  "users".* FROM "users" WHERE "users"."session_token" = $1 LIMIT $2[0m  [["session_token", "pOTh1-Vckod0xckup1qgdg"], ["LIMIT", 1]]
  ↳ app/controllers/application_controller.rb:16
Completed 200 OK in 1015ms (Views: 1012.1ms | ActiveRecord: 0.5ms)


Started GET "/" for ::1 at 2020-03-03 14:36:04 -0800
Processing by RootController#root as HTML
  Rendering root/root.html.erb within layouts/application
  Rendered root/root.html.erb within layouts/application (0.4ms)
  [1m[36mUser Load (0.4ms)[0m  [1m[34mSELECT  "users".* FROM "users" WHERE "users"."session_token" = $1 LIMIT $2[0m  [["session_token", "pOTh1-Vckod0xckup1qgdg"], ["LIMIT", 1]]
  ↳ app/controllers/application_controller.rb:16
Completed 200 OK in 961ms (Views: 957.7ms | ActiveRecord: 0.4ms)


Started GET "/" for ::1 at 2020-03-03 14:36:17 -0800
Processing by RootController#root as HTML
  Rendering root/root.html.erb within layouts/application
  Rendered root/root.html.erb within layouts/application (0.6ms)
  [1m[36mUser Load (0.3ms)[0m  [1m[34mSELECT  "users".* FROM "users" WHERE "users"."session_token" = $1 LIMIT $2[0m  [["session_token", "pOTh1-Vckod0xckup1qgdg"], ["LIMIT", 1]]
  ↳ app/controllers/application_controller.rb:16
Completed 200 OK in 47ms (Views: 43.6ms | ActiveRecord: 0.3ms)


Started GET "/" for ::1 at 2020-03-03 14:36:53 -0800
Processing by RootController#root as HTML
  Rendering root/root.html.erb within layouts/application
  Rendered root/root.html.erb within layouts/application (0.4ms)
  [1m[36mUser Load (0.3ms)[0m  [1m[34mSELECT  "users".* FROM "users" WHERE "users"."session_token" = $1 LIMIT $2[0m  [["session_token", "pOTh1-Vckod0xckup1qgdg"], ["LIMIT", 1]]
  ↳ app/controllers/application_controller.rb:16
Completed 200 OK in 985ms (Views: 982.5ms | ActiveRecord: 0.3ms)


Started GET "/" for ::1 at 2020-03-03 14:37:16 -0800
Processing by RootController#root as HTML
  Rendering root/root.html.erb within layouts/application
  Rendered root/root.html.erb within layouts/application (0.4ms)
  [1m[36mUser Load (0.4ms)[0m  [1m[34mSELECT  "users".* FROM "users" WHERE "users"."session_token" = $1 LIMIT $2[0m  [["session_token", "pOTh1-Vckod0xckup1qgdg"], ["LIMIT", 1]]
  ↳ app/controllers/application_controller.rb:16
Completed 200 OK in 992ms (Views: 988.4ms | ActiveRecord: 0.4ms)


Started GET "/" for ::1 at 2020-03-03 14:38:01 -0800
Processing by RootController#root as HTML
  Rendering root/root.html.erb within layouts/application
  Rendered root/root.html.erb within layouts/application (0.5ms)
  [1m[36mUser Load (0.4ms)[0m  [1m[34mSELECT  "users".* FROM "users" WHERE "users"."session_token" = $1 LIMIT $2[0m  [["session_token", "pOTh1-Vckod0xckup1qgdg"], ["LIMIT", 1]]
  ↳ app/controllers/application_controller.rb:16
Completed 200 OK in 37ms (Views: 33.0ms | ActiveRecord: 0.4ms)


Started GET "/" for ::1 at 2020-03-03 14:38:32 -0800
Processing by RootController#root as HTML
  Rendering root/root.html.erb within layouts/application
  Rendered root/root.html.erb within layouts/application (0.3ms)
  [1m[36mUser Load (0.3ms)[0m  [1m[34mSELECT  "users".* FROM "users" WHERE "users"."session_token" = $1 LIMIT $2[0m  [["session_token", "pOTh1-Vckod0xckup1qgdg"], ["LIMIT", 1]]
  ↳ app/controllers/application_controller.rb:16
Completed 200 OK in 32ms (Views: 30.1ms | ActiveRecord: 0.3ms)


Started GET "/" for ::1 at 2020-03-03 14:39:29 -0800
Processing by RootController#root as HTML
  Rendering root/root.html.erb within layouts/application
  Rendered root/root.html.erb within layouts/application (0.4ms)
  [1m[36mUser Load (0.4ms)[0m  [1m[34mSELECT  "users".* FROM "users" WHERE "users"."session_token" = $1 LIMIT $2[0m  [["session_token", "pOTh1-Vckod0xckup1qgdg"], ["LIMIT", 1]]
  ↳ app/controllers/application_controller.rb:16
Completed 200 OK in 969ms (Views: 966.0ms | ActiveRecord: 0.4ms)


Started GET "/" for ::1 at 2020-03-03 14:39:38 -0800
Processing by RootController#root as HTML
  Rendering root/root.html.erb within layouts/application
  Rendered root/root.html.erb within layouts/application (0.4ms)
  [1m[36mUser Load (0.3ms)[0m  [1m[34mSELECT  "users".* FROM "users" WHERE "users"."session_token" = $1 LIMIT $2[0m  [["session_token", "pOTh1-Vckod0xckup1qgdg"], ["LIMIT", 1]]
  ↳ app/controllers/application_controller.rb:16
Completed 200 OK in 973ms (Views: 970.7ms | ActiveRecord: 0.3ms)


Started GET "/" for ::1 at 2020-03-03 14:39:51 -0800
Processing by RootController#root as HTML
  Rendering root/root.html.erb within layouts/application
  Rendered root/root.html.erb within layouts/application (0.4ms)
  [1m[36mUser Load (0.3ms)[0m  [1m[34mSELECT  "users".* FROM "users" WHERE "users"."session_token" = $1 LIMIT $2[0m  [["session_token", "pOTh1-Vckod0xckup1qgdg"], ["LIMIT", 1]]
  ↳ app/controllers/application_controller.rb:16
Completed 200 OK in 1004ms (Views: 1001.8ms | ActiveRecord: 0.3ms)


Started GET "/" for ::1 at 2020-03-03 14:41:20 -0800
Processing by RootController#root as HTML
  Rendering root/root.html.erb within layouts/application
  Rendered root/root.html.erb within layouts/application (0.7ms)
  [1m[36mUser Load (0.3ms)[0m  [1m[34mSELECT  "users".* FROM "users" WHERE "users"."session_token" = $1 LIMIT $2[0m  [["session_token", "pOTh1-Vckod0xckup1qgdg"], ["LIMIT", 1]]
  ↳ app/controllers/application_controller.rb:16
Completed 200 OK in 978ms (Views: 974.5ms | ActiveRecord: 0.3ms)


Started GET "/" for ::1 at 2020-03-03 14:41:57 -0800
Processing by RootController#root as HTML
  Rendering root/root.html.erb within layouts/application
  Rendered root/root.html.erb within layouts/application (0.3ms)
  [1m[36mUser Load (0.3ms)[0m  [1m[34mSELECT  "users".* FROM "users" WHERE "users"."session_token" = $1 LIMIT $2[0m  [["session_token", "pOTh1-Vckod0xckup1qgdg"], ["LIMIT", 1]]
  ↳ app/controllers/application_controller.rb:16
Completed 200 OK in 928ms (Views: 924.9ms | ActiveRecord: 0.3ms)


Started GET "/" for ::1 at 2020-03-03 14:42:26 -0800
Processing by RootController#root as HTML
  Rendering root/root.html.erb within layouts/application
  Rendered root/root.html.erb within layouts/application (0.3ms)
  [1m[36mUser Load (0.4ms)[0m  [1m[34mSELECT  "users".* FROM "users" WHERE "users"."session_token" = $1 LIMIT $2[0m  [["session_token", "pOTh1-Vckod0xckup1qgdg"], ["LIMIT", 1]]
  ↳ app/controllers/application_controller.rb:16
Completed 200 OK in 933ms (Views: 929.6ms | ActiveRecord: 0.4ms)


Started GET "/" for ::1 at 2020-03-03 14:43:06 -0800
Processing by RootController#root as HTML
  Rendering root/root.html.erb within layouts/application
  Rendered root/root.html.erb within layouts/application (0.4ms)
  [1m[36mUser Load (0.3ms)[0m  [1m[34mSELECT  "users".* FROM "users" WHERE "users"."session_token" = $1 LIMIT $2[0m  [["session_token", "pOTh1-Vckod0xckup1qgdg"], ["LIMIT", 1]]
  ↳ app/controllers/application_controller.rb:16
Completed 200 OK in 1142ms (Views: 1140.0ms | ActiveRecord: 0.3ms)


Started GET "/" for ::1 at 2020-03-03 14:43:25 -0800
Processing by RootController#root as HTML
  Rendering root/root.html.erb within layouts/application
  Rendered root/root.html.erb within layouts/application (0.3ms)
  [1m[36mUser Load (0.3ms)[0m  [1m[34mSELECT  "users".* FROM "users" WHERE "users"."session_token" = $1 LIMIT $2[0m  [["session_token", "pOTh1-Vckod0xckup1qgdg"], ["LIMIT", 1]]
  ↳ app/controllers/application_controller.rb:16
Completed 200 OK in 980ms (Views: 977.4ms | ActiveRecord: 0.3ms)


Started GET "/" for ::1 at 2020-03-03 14:43:40 -0800
Processing by RootController#root as HTML
  Rendering root/root.html.erb within layouts/application
  Rendered root/root.html.erb within layouts/application (0.5ms)
  [1m[36mUser Load (0.3ms)[0m  [1m[34mSELECT  "users".* FROM "users" WHERE "users"."session_token" = $1 LIMIT $2[0m  [["session_token", "pOTh1-Vckod0xckup1qgdg"], ["LIMIT", 1]]
  ↳ app/controllers/application_controller.rb:16
Completed 200 OK in 938ms (Views: 935.4ms | ActiveRecord: 0.3ms)


Started GET "/" for ::1 at 2020-03-03 14:43:53 -0800
Processing by RootController#root as HTML
  Rendering root/root.html.erb within layouts/application
  Rendered root/root.html.erb within layouts/application (0.3ms)
  [1m[36mUser Load (0.3ms)[0m  [1m[34mSELECT  "users".* FROM "users" WHERE "users"."session_token" = $1 LIMIT $2[0m  [["session_token", "pOTh1-Vckod0xckup1qgdg"], ["LIMIT", 1]]
  ↳ app/controllers/application_controller.rb:16
Completed 200 OK in 1008ms (Views: 1005.1ms | ActiveRecord: 0.3ms)


Started GET "/" for ::1 at 2020-03-03 14:45:31 -0800
Processing by RootController#root as HTML
  Rendering root/root.html.erb within layouts/application
  Rendered root/root.html.erb within layouts/application (0.4ms)
  [1m[36mUser Load (0.4ms)[0m  [1m[34mSELECT  "users".* FROM "users" WHERE "users"."session_token" = $1 LIMIT $2[0m  [["session_token", "pOTh1-Vckod0xckup1qgdg"], ["LIMIT", 1]]
  ↳ app/controllers/application_controller.rb:16
Completed 200 OK in 991ms (Views: 988.0ms | ActiveRecord: 0.4ms)


Started GET "/" for ::1 at 2020-03-03 14:45:41 -0800
Processing by RootController#root as HTML
  Rendering root/root.html.erb within layouts/application
  Rendered root/root.html.erb within layouts/application (0.3ms)
  [1m[36mUser Load (0.4ms)[0m  [1m[34mSELECT  "users".* FROM "users" WHERE "users"."session_token" = $1 LIMIT $2[0m  [["session_token", "pOTh1-Vckod0xckup1qgdg"], ["LIMIT", 1]]
  ↳ app/controllers/application_controller.rb:16
Completed 200 OK in 930ms (Views: 926.9ms | ActiveRecord: 0.4ms)


Started GET "/" for ::1 at 2020-03-03 14:46:51 -0800
Processing by RootController#root as HTML
  Rendering root/root.html.erb within layouts/application
  Rendered root/root.html.erb within layouts/application (0.5ms)
  [1m[36mUser Load (0.4ms)[0m  [1m[34mSELECT  "users".* FROM "users" WHERE "users"."session_token" = $1 LIMIT $2[0m  [["session_token", "pOTh1-Vckod0xckup1qgdg"], ["LIMIT", 1]]
  ↳ app/controllers/application_controller.rb:16
Completed 200 OK in 955ms (Views: 951.1ms | ActiveRecord: 0.4ms)


Started GET "/" for ::1 at 2020-03-03 14:47:12 -0800
Processing by RootController#root as HTML
  Rendering root/root.html.erb within layouts/application
  Rendered root/root.html.erb within layouts/application (0.3ms)
  [1m[36mUser Load (0.3ms)[0m  [1m[34mSELECT  "users".* FROM "users" WHERE "users"."session_token" = $1 LIMIT $2[0m  [["session_token", "pOTh1-Vckod0xckup1qgdg"], ["LIMIT", 1]]
  ↳ app/controllers/application_controller.rb:16
Completed 200 OK in 988ms (Views: 984.7ms | ActiveRecord: 0.3ms)


Started GET "/" for ::1 at 2020-03-03 14:48:08 -0800
Processing by RootController#root as HTML
  Rendering root/root.html.erb within layouts/application
  Rendered root/root.html.erb within layouts/application (0.5ms)
  [1m[36mUser Load (0.4ms)[0m  [1m[34mSELECT  "users".* FROM "users" WHERE "users"."session_token" = $1 LIMIT $2[0m  [["session_token", "pOTh1-Vckod0xckup1qgdg"], ["LIMIT", 1]]
  ↳ app/controllers/application_controller.rb:16
Completed 200 OK in 998ms (Views: 994.2ms | ActiveRecord: 0.4ms)


Started GET "/" for ::1 at 2020-03-03 14:48:36 -0800
Processing by RootController#root as HTML
  Rendering root/root.html.erb within layouts/application
  Rendered root/root.html.erb within layouts/application (0.3ms)
  [1m[36mUser Load (0.3ms)[0m  [1m[34mSELECT  "users".* FROM "users" WHERE "users"."session_token" = $1 LIMIT $2[0m  [["session_token", "pOTh1-Vckod0xckup1qgdg"], ["LIMIT", 1]]
  ↳ app/controllers/application_controller.rb:16
Completed 200 OK in 1140ms (Views: 1136.4ms | ActiveRecord: 0.3ms)


Started GET "/" for ::1 at 2020-03-03 14:49:37 -0800
Processing by RootController#root as HTML
  Rendering root/root.html.erb within layouts/application
  Rendered root/root.html.erb within layouts/application (0.3ms)
  [1m[36mUser Load (0.4ms)[0m  [1m[34mSELECT  "users".* FROM "users" WHERE "users"."session_token" = $1 LIMIT $2[0m  [["session_token", "pOTh1-Vckod0xckup1qgdg"], ["LIMIT", 1]]
  ↳ app/controllers/application_controller.rb:16
Completed 200 OK in 986ms (Views: 982.5ms | ActiveRecord: 0.4ms)


Started GET "/" for ::1 at 2020-03-03 14:51:22 -0800
Processing by RootController#root as HTML
  Rendering root/root.html.erb within layouts/application
  Rendered root/root.html.erb within layouts/application (0.3ms)
  [1m[36mUser Load (0.3ms)[0m  [1m[34mSELECT  "users".* FROM "users" WHERE "users"."session_token" = $1 LIMIT $2[0m  [["session_token", "pOTh1-Vckod0xckup1qgdg"], ["LIMIT", 1]]
  ↳ app/controllers/application_controller.rb:16
Completed 200 OK in 34ms (Views: 30.7ms | ActiveRecord: 0.3ms)


Started GET "/" for ::1 at 2020-03-03 14:51:40 -0800
Processing by RootController#root as HTML
  Rendering root/root.html.erb within layouts/application
  Rendered root/root.html.erb within layouts/application (0.3ms)
  [1m[36mUser Load (0.4ms)[0m  [1m[34mSELECT  "users".* FROM "users" WHERE "users"."session_token" = $1 LIMIT $2[0m  [["session_token", "pOTh1-Vckod0xckup1qgdg"], ["LIMIT", 1]]
  ↳ app/controllers/application_controller.rb:16
Completed 200 OK in 930ms (Views: 926.7ms | ActiveRecord: 0.4ms)


Started GET "/" for ::1 at 2020-03-03 14:51:55 -0800
Processing by RootController#root as HTML
  Rendering root/root.html.erb within layouts/application
  Rendered root/root.html.erb within layouts/application (0.5ms)
  [1m[36mUser Load (0.4ms)[0m  [1m[34mSELECT  "users".* FROM "users" WHERE "users"."session_token" = $1 LIMIT $2[0m  [["session_token", "pOTh1-Vckod0xckup1qgdg"], ["LIMIT", 1]]
  ↳ app/controllers/application_controller.rb:16
Completed 200 OK in 981ms (Views: 978.8ms | ActiveRecord: 0.4ms)


Started GET "/" for ::1 at 2020-03-03 14:52:13 -0800
Processing by RootController#root as HTML
  Rendering root/root.html.erb within layouts/application
  Rendered root/root.html.erb within layouts/application (0.5ms)
  [1m[36mUser Load (0.3ms)[0m  [1m[34mSELECT  "users".* FROM "users" WHERE "users"."session_token" = $1 LIMIT $2[0m  [["session_token", "pOTh1-Vckod0xckup1qgdg"], ["LIMIT", 1]]
  ↳ app/controllers/application_controller.rb:16
Completed 200 OK in 946ms (Views: 943.1ms | ActiveRecord: 0.3ms)


Started GET "/" for ::1 at 2020-03-03 14:52:27 -0800
Processing by RootController#root as HTML
  Rendering root/root.html.erb within layouts/application
  Rendered root/root.html.erb within layouts/application (0.4ms)
  [1m[36mUser Load (0.3ms)[0m  [1m[34mSELECT  "users".* FROM "users" WHERE "users"."session_token" = $1 LIMIT $2[0m  [["session_token", "pOTh1-Vckod0xckup1qgdg"], ["LIMIT", 1]]
  ↳ app/controllers/application_controller.rb:16
Completed 200 OK in 974ms (Views: 971.6ms | ActiveRecord: 0.3ms)


Started GET "/" for ::1 at 2020-03-03 14:54:17 -0800
Processing by RootController#root as HTML
  Rendering root/root.html.erb within layouts/application
  Rendered root/root.html.erb within layouts/application (0.3ms)
  [1m[36mUser Load (0.4ms)[0m  [1m[34mSELECT  "users".* FROM "users" WHERE "users"."session_token" = $1 LIMIT $2[0m  [["session_token", "pOTh1-Vckod0xckup1qgdg"], ["LIMIT", 1]]
  ↳ app/controllers/application_controller.rb:16
Completed 200 OK in 974ms (Views: 971.5ms | ActiveRecord: 0.4ms)


Started GET "/" for ::1 at 2020-03-03 14:55:12 -0800
Processing by RootController#root as HTML
  Rendering root/root.html.erb within layouts/application
  Rendered root/root.html.erb within layouts/application (0.3ms)
  [1m[36mUser Load (0.3ms)[0m  [1m[34mSELECT  "users".* FROM "users" WHERE "users"."session_token" = $1 LIMIT $2[0m  [["session_token", "pOTh1-Vckod0xckup1qgdg"], ["LIMIT", 1]]
  ↳ app/controllers/application_controller.rb:16
Completed 200 OK in 25ms (Views: 22.7ms | ActiveRecord: 0.3ms)


Started GET "/" for ::1 at 2020-03-03 14:55:32 -0800
Processing by RootController#root as HTML
  Rendering root/root.html.erb within layouts/application
  Rendered root/root.html.erb within layouts/application (0.4ms)
  [1m[36mUser Load (0.3ms)[0m  [1m[34mSELECT  "users".* FROM "users" WHERE "users"."session_token" = $1 LIMIT $2[0m  [["session_token", "pOTh1-Vckod0xckup1qgdg"], ["LIMIT", 1]]
  ↳ app/controllers/application_controller.rb:16
Completed 200 OK in 975ms (Views: 972.8ms | ActiveRecord: 0.3ms)


Started GET "/" for ::1 at 2020-03-03 14:55:47 -0800
Processing by RootController#root as HTML
  Rendering root/root.html.erb within layouts/application
  Rendered root/root.html.erb within layouts/application (0.3ms)
  [1m[36mUser Load (0.4ms)[0m  [1m[34mSELECT  "users".* FROM "users" WHERE "users"."session_token" = $1 LIMIT $2[0m  [["session_token", "pOTh1-Vckod0xckup1qgdg"], ["LIMIT", 1]]
  ↳ app/controllers/application_controller.rb:16
Completed 200 OK in 978ms (Views: 975.3ms | ActiveRecord: 0.4ms)


Started GET "/" for ::1 at 2020-03-03 14:55:59 -0800
Processing by RootController#root as HTML
  Rendering root/root.html.erb within layouts/application
  Rendered root/root.html.erb within layouts/application (0.4ms)
  [1m[36mUser Load (0.3ms)[0m  [1m[34mSELECT  "users".* FROM "users" WHERE "users"."session_token" = $1 LIMIT $2[0m  [["session_token", "pOTh1-Vckod0xckup1qgdg"], ["LIMIT", 1]]
  ↳ app/controllers/application_controller.rb:16
Completed 200 OK in 1103ms (Views: 1100.5ms | ActiveRecord: 0.3ms)


Started GET "/" for ::1 at 2020-03-03 14:56:20 -0800
Processing by RootController#root as HTML
  Rendering root/root.html.erb within layouts/application
  Rendered root/root.html.erb within layouts/application (0.3ms)
  [1m[36mUser Load (0.4ms)[0m  [1m[34mSELECT  "users".* FROM "users" WHERE "users"."session_token" = $1 LIMIT $2[0m  [["session_token", "pOTh1-Vckod0xckup1qgdg"], ["LIMIT", 1]]
  ↳ app/controllers/application_controller.rb:16
Completed 200 OK in 968ms (Views: 965.6ms | ActiveRecord: 0.4ms)


Started GET "/" for ::1 at 2020-03-03 14:56:32 -0800
Processing by RootController#root as HTML
  Rendering root/root.html.erb within layouts/application
  Rendered root/root.html.erb within layouts/application (0.4ms)
  [1m[36mUser Load (0.4ms)[0m  [1m[34mSELECT  "users".* FROM "users" WHERE "users"."session_token" = $1 LIMIT $2[0m  [["session_token", "pOTh1-Vckod0xckup1qgdg"], ["LIMIT", 1]]
  ↳ app/controllers/application_controller.rb:16
Completed 200 OK in 33ms (Views: 29.7ms | ActiveRecord: 0.4ms)


Started GET "/" for ::1 at 2020-03-03 14:56:38 -0800
Processing by RootController#root as HTML
  Rendering root/root.html.erb within layouts/application
  Rendered root/root.html.erb within layouts/application (0.3ms)
  [1m[36mUser Load (0.3ms)[0m  [1m[34mSELECT  "users".* FROM "users" WHERE "users"."session_token" = $1 LIMIT $2[0m  [["session_token", "pOTh1-Vckod0xckup1qgdg"], ["LIMIT", 1]]
  ↳ app/controllers/application_controller.rb:16
Completed 200 OK in 24ms (Views: 21.9ms | ActiveRecord: 0.3ms)


Started GET "/" for ::1 at 2020-03-03 14:58:17 -0800
Processing by RootController#root as HTML
  Rendering root/root.html.erb within layouts/application
  Rendered root/root.html.erb within layouts/application (0.3ms)
  [1m[36mUser Load (0.3ms)[0m  [1m[34mSELECT  "users".* FROM "users" WHERE "users"."session_token" = $1 LIMIT $2[0m  [["session_token", "pOTh1-Vckod0xckup1qgdg"], ["LIMIT", 1]]
  ↳ app/controllers/application_controller.rb:16
Completed 200 OK in 24ms (Views: 21.5ms | ActiveRecord: 0.3ms)


Started GET "/" for ::1 at 2020-03-03 15:00:22 -0800
Processing by RootController#root as HTML
  Rendering root/root.html.erb within layouts/application
  Rendered root/root.html.erb within layouts/application (0.4ms)
  [1m[36mUser Load (0.3ms)[0m  [1m[34mSELECT  "users".* FROM "users" WHERE "users"."session_token" = $1 LIMIT $2[0m  [["session_token", "pOTh1-Vckod0xckup1qgdg"], ["LIMIT", 1]]
  ↳ app/controllers/application_controller.rb:16
Completed 200 OK in 1029ms (Views: 1024.5ms | ActiveRecord: 0.3ms)


Started GET "/" for ::1 at 2020-03-03 15:00:54 -0800
Processing by RootController#root as HTML
  Rendering root/root.html.erb within layouts/application
  Rendered root/root.html.erb within layouts/application (0.4ms)
  [1m[36mUser Load (0.4ms)[0m  [1m[34mSELECT  "users".* FROM "users" WHERE "users"."session_token" = $1 LIMIT $2[0m  [["session_token", "pOTh1-Vckod0xckup1qgdg"], ["LIMIT", 1]]
  ↳ app/controllers/application_controller.rb:16
Completed 200 OK in 980ms (Views: 976.9ms | ActiveRecord: 0.4ms)


Started GET "/" for ::1 at 2020-03-03 16:12:32 -0800
Processing by RootController#root as HTML
  Rendering root/root.html.erb within layouts/application
  Rendered root/root.html.erb within layouts/application (0.6ms)
  [1m[36mUser Load (1.2ms)[0m  [1m[34mSELECT  "users".* FROM "users" WHERE "users"."session_token" = $1 LIMIT $2[0m  [["session_token", "pOTh1-Vckod0xckup1qgdg"], ["LIMIT", 1]]
  ↳ app/controllers/application_controller.rb:16
Completed 200 OK in 43ms (Views: 38.2ms | ActiveRecord: 1.5ms)


Started GET "/" for ::1 at 2020-03-03 16:21:24 -0800
Processing by RootController#root as HTML
  Rendering root/root.html.erb within layouts/application
  Rendered root/root.html.erb within layouts/application (0.5ms)
  [1m[36mUser Load (0.9ms)[0m  [1m[34mSELECT  "users".* FROM "users" WHERE "users"."session_token" = $1 LIMIT $2[0m  [["session_token", "pOTh1-Vckod0xckup1qgdg"], ["LIMIT", 1]]
  ↳ app/controllers/application_controller.rb:16
Completed 200 OK in 957ms (Views: 953.6ms | ActiveRecord: 1.2ms)


Started GET "/" for ::1 at 2020-03-03 16:21:49 -0800
Processing by RootController#root as HTML
  Rendering root/root.html.erb within layouts/application
  Rendered root/root.html.erb within layouts/application (0.3ms)
  [1m[36mUser Load (0.7ms)[0m  [1m[34mSELECT  "users".* FROM "users" WHERE "users"."session_token" = $1 LIMIT $2[0m  [["session_token", "pOTh1-Vckod0xckup1qgdg"], ["LIMIT", 1]]
  ↳ app/controllers/application_controller.rb:16
Completed 200 OK in 1058ms (Views: 1055.0ms | ActiveRecord: 0.7ms)


Started GET "/" for ::1 at 2020-03-03 16:22:04 -0800
Processing by RootController#root as HTML
  Rendering root/root.html.erb within layouts/application
  Rendered root/root.html.erb within layouts/application (0.4ms)
  [1m[36mUser Load (0.5ms)[0m  [1m[34mSELECT  "users".* FROM "users" WHERE "users"."session_token" = $1 LIMIT $2[0m  [["session_token", "pOTh1-Vckod0xckup1qgdg"], ["LIMIT", 1]]
  ↳ app/controllers/application_controller.rb:16
Completed 200 OK in 997ms (Views: 992.7ms | ActiveRecord: 0.5ms)


Started GET "/" for ::1 at 2020-03-03 16:23:11 -0800
Processing by RootController#root as HTML
  Rendering root/root.html.erb within layouts/application
  Rendered root/root.html.erb within layouts/application (0.5ms)
  [1m[36mUser Load (0.5ms)[0m  [1m[34mSELECT  "users".* FROM "users" WHERE "users"."session_token" = $1 LIMIT $2[0m  [["session_token", "pOTh1-Vckod0xckup1qgdg"], ["LIMIT", 1]]
  ↳ app/controllers/application_controller.rb:16
Completed 200 OK in 933ms (Views: 930.1ms | ActiveRecord: 0.5ms)


Started GET "/" for ::1 at 2020-03-03 16:24:34 -0800
Processing by RootController#root as HTML
  Rendering root/root.html.erb within layouts/application
  Rendered root/root.html.erb within layouts/application (0.3ms)
  [1m[36mUser Load (0.6ms)[0m  [1m[34mSELECT  "users".* FROM "users" WHERE "users"."session_token" = $1 LIMIT $2[0m  [["session_token", "pOTh1-Vckod0xckup1qgdg"], ["LIMIT", 1]]
  ↳ app/controllers/application_controller.rb:16
Completed 200 OK in 942ms (Views: 939.2ms | ActiveRecord: 0.6ms)


Started GET "/" for ::1 at 2020-03-03 16:28:10 -0800
Processing by RootController#root as HTML
  Rendering root/root.html.erb within layouts/application
  Rendered root/root.html.erb within layouts/application (0.6ms)
  [1m[36mUser Load (0.5ms)[0m  [1m[34mSELECT  "users".* FROM "users" WHERE "users"."session_token" = $1 LIMIT $2[0m  [["session_token", "pOTh1-Vckod0xckup1qgdg"], ["LIMIT", 1]]
  ↳ app/controllers/application_controller.rb:16
Completed 200 OK in 1098ms (Views: 1095.1ms | ActiveRecord: 0.5ms)


Started GET "/" for ::1 at 2020-03-03 16:28:45 -0800
Processing by RootController#root as HTML
  Rendering root/root.html.erb within layouts/application
  Rendered root/root.html.erb within layouts/application (0.5ms)
  [1m[36mUser Load (0.3ms)[0m  [1m[34mSELECT  "users".* FROM "users" WHERE "users"."session_token" = $1 LIMIT $2[0m  [["session_token", "pOTh1-Vckod0xckup1qgdg"], ["LIMIT", 1]]
  ↳ app/controllers/application_controller.rb:16
Completed 200 OK in 943ms (Views: 940.8ms | ActiveRecord: 0.3ms)


Started GET "/" for ::1 at 2020-03-03 16:29:28 -0800
Processing by RootController#root as HTML
  Rendering root/root.html.erb within layouts/application
  Rendered root/root.html.erb within layouts/application (0.4ms)
  [1m[36mUser Load (0.4ms)[0m  [1m[34mSELECT  "users".* FROM "users" WHERE "users"."session_token" = $1 LIMIT $2[0m  [["session_token", "pOTh1-Vckod0xckup1qgdg"], ["LIMIT", 1]]
  ↳ app/controllers/application_controller.rb:16
Completed 200 OK in 966ms (Views: 962.3ms | ActiveRecord: 0.4ms)


Started GET "/" for ::1 at 2020-03-03 16:29:38 -0800
Processing by RootController#root as HTML
  Rendering root/root.html.erb within layouts/application
  Rendered root/root.html.erb within layouts/application (0.3ms)
  [1m[36mUser Load (0.3ms)[0m  [1m[34mSELECT  "users".* FROM "users" WHERE "users"."session_token" = $1 LIMIT $2[0m  [["session_token", "pOTh1-Vckod0xckup1qgdg"], ["LIMIT", 1]]
  ↳ app/controllers/application_controller.rb:16
Completed 200 OK in 991ms (Views: 988.9ms | ActiveRecord: 0.3ms)


Started GET "/" for ::1 at 2020-03-03 16:30:07 -0800
Processing by RootController#root as HTML
  Rendering root/root.html.erb within layouts/application
  Rendered root/root.html.erb within layouts/application (0.3ms)
  [1m[36mUser Load (0.4ms)[0m  [1m[34mSELECT  "users".* FROM "users" WHERE "users"."session_token" = $1 LIMIT $2[0m  [["session_token", "pOTh1-Vckod0xckup1qgdg"], ["LIMIT", 1]]
  ↳ app/controllers/application_controller.rb:16
Completed 200 OK in 990ms (Views: 987.1ms | ActiveRecord: 0.4ms)


Started GET "/" for ::1 at 2020-03-03 16:31:20 -0800
Processing by RootController#root as HTML
  Rendering root/root.html.erb within layouts/application
  Rendered root/root.html.erb within layouts/application (0.5ms)
  [1m[36mUser Load (0.4ms)[0m  [1m[34mSELECT  "users".* FROM "users" WHERE "users"."session_token" = $1 LIMIT $2[0m  [["session_token", "pOTh1-Vckod0xckup1qgdg"], ["LIMIT", 1]]
  ↳ app/controllers/application_controller.rb:16
Completed 200 OK in 968ms (Views: 964.1ms | ActiveRecord: 0.4ms)


Started GET "/" for ::1 at 2020-03-03 16:32:27 -0800
Processing by RootController#root as HTML
  Rendering root/root.html.erb within layouts/application
  Rendered root/root.html.erb within layouts/application (0.4ms)
  [1m[36mUser Load (0.4ms)[0m  [1m[34mSELECT  "users".* FROM "users" WHERE "users"."session_token" = $1 LIMIT $2[0m  [["session_token", "pOTh1-Vckod0xckup1qgdg"], ["LIMIT", 1]]
  ↳ app/controllers/application_controller.rb:16
Completed 200 OK in 951ms (Views: 947.2ms | ActiveRecord: 0.4ms)


Started GET "/" for ::1 at 2020-03-03 16:32:46 -0800
Processing by RootController#root as HTML
  Rendering root/root.html.erb within layouts/application
  Rendered root/root.html.erb within layouts/application (0.5ms)
  [1m[36mUser Load (0.3ms)[0m  [1m[34mSELECT  "users".* FROM "users" WHERE "users"."session_token" = $1 LIMIT $2[0m  [["session_token", "pOTh1-Vckod0xckup1qgdg"], ["LIMIT", 1]]
  ↳ app/controllers/application_controller.rb:16
Completed 200 OK in 982ms (Views: 977.9ms | ActiveRecord: 0.3ms)


Started GET "/" for ::1 at 2020-03-03 16:33:06 -0800
Processing by RootController#root as HTML
  Rendering root/root.html.erb within layouts/application
  Rendered root/root.html.erb within layouts/application (0.5ms)
  [1m[36mUser Load (0.4ms)[0m  [1m[34mSELECT  "users".* FROM "users" WHERE "users"."session_token" = $1 LIMIT $2[0m  [["session_token", "pOTh1-Vckod0xckup1qgdg"], ["LIMIT", 1]]
  ↳ app/controllers/application_controller.rb:16
Completed 200 OK in 1079ms (Views: 1076.2ms | ActiveRecord: 0.4ms)


Started GET "/" for ::1 at 2020-03-03 16:34:08 -0800
Processing by RootController#root as HTML
  Rendering root/root.html.erb within layouts/application
  Rendered root/root.html.erb within layouts/application (0.5ms)
  [1m[36mUser Load (0.3ms)[0m  [1m[34mSELECT  "users".* FROM "users" WHERE "users"."session_token" = $1 LIMIT $2[0m  [["session_token", "pOTh1-Vckod0xckup1qgdg"], ["LIMIT", 1]]
  ↳ app/controllers/application_controller.rb:16
Completed 200 OK in 993ms (Views: 989.8ms | ActiveRecord: 0.3ms)


Started GET "/" for ::1 at 2020-03-03 16:34:46 -0800
Processing by RootController#root as HTML
  Rendering root/root.html.erb within layouts/application
  Rendered root/root.html.erb within layouts/application (0.3ms)
  [1m[36mUser Load (0.3ms)[0m  [1m[34mSELECT  "users".* FROM "users" WHERE "users"."session_token" = $1 LIMIT $2[0m  [["session_token", "pOTh1-Vckod0xckup1qgdg"], ["LIMIT", 1]]
  ↳ app/controllers/application_controller.rb:16
Completed 200 OK in 932ms (Views: 929.1ms | ActiveRecord: 0.3ms)


Started GET "/" for ::1 at 2020-03-03 16:35:18 -0800
Processing by RootController#root as HTML
  Rendering root/root.html.erb within layouts/application
  Rendered root/root.html.erb within layouts/application (0.3ms)
  [1m[36mUser Load (0.3ms)[0m  [1m[34mSELECT  "users".* FROM "users" WHERE "users"."session_token" = $1 LIMIT $2[0m  [["session_token", "pOTh1-Vckod0xckup1qgdg"], ["LIMIT", 1]]
  ↳ app/controllers/application_controller.rb:16
Completed 200 OK in 988ms (Views: 985.0ms | ActiveRecord: 0.3ms)


Started GET "/" for ::1 at 2020-03-03 16:35:46 -0800
Processing by RootController#root as HTML
  Rendering root/root.html.erb within layouts/application
  Rendered root/root.html.erb within layouts/application (0.3ms)
  [1m[36mUser Load (0.4ms)[0m  [1m[34mSELECT  "users".* FROM "users" WHERE "users"."session_token" = $1 LIMIT $2[0m  [["session_token", "pOTh1-Vckod0xckup1qgdg"], ["LIMIT", 1]]
  ↳ app/controllers/application_controller.rb:16
Completed 200 OK in 943ms (Views: 940.0ms | ActiveRecord: 0.4ms)


Started GET "/" for ::1 at 2020-03-03 18:01:11 -0800
Processing by RootController#root as HTML
  Rendering root/root.html.erb within layouts/application
  Rendered root/root.html.erb within layouts/application (2.1ms)
  [1m[36mUser Load (3.9ms)[0m  [1m[34mSELECT  "users".* FROM "users" WHERE "users"."session_token" = $1 LIMIT $2[0m  [["session_token", "pOTh1-Vckod0xckup1qgdg"], ["LIMIT", 1]]
  ↳ app/controllers/application_controller.rb:16
Completed 200 OK in 1138ms (Views: 1127.7ms | ActiveRecord: 4.4ms)


Started GET "/" for ::1 at 2020-03-03 18:02:04 -0800
Processing by RootController#root as HTML
  Rendering root/root.html.erb within layouts/application
  Rendered root/root.html.erb within layouts/application (0.4ms)
  [1m[36mUser Load (0.4ms)[0m  [1m[34mSELECT  "users".* FROM "users" WHERE "users"."session_token" = $1 LIMIT $2[0m  [["session_token", "pOTh1-Vckod0xckup1qgdg"], ["LIMIT", 1]]
  ↳ app/controllers/application_controller.rb:16
Completed 200 OK in 35ms (Views: 31.0ms | ActiveRecord: 0.4ms)


